2026-01-18 01:43:10,733 INFO     32 task_executor_9b3e549b8cfd_0 log path: /ragflow/logs/task_executor_9b3e549b8cfd_0.log, log levels: {'peewee': 'WARNING', 'pdfminer': 'WARNING', 'root': 'INFO'}
2026-01-18 01:43:10,734 INFO     32 Staggering startup by 0.42s to prevent connection storm
2026-01-18 01:43:11,162 INFO     32 
    ____                      __  _
   /  _/___  ____ ____  _____/ /_(_)___  ____     ________  ______   _____  _____
   / // __ \/ __ `/ _ \/ ___/ __/ / __ \/ __ \   / ___/ _ \/ ___/ | / / _ \/ ___/
 _/ // / / / /_/ /  __(__  ) /_/ / /_/ / / / /  (__  )  __/ /   | |/ /  __/ /
/___/_/ /_/\__, /\___/____/\__/_/\____/_/ /_/  /____/\___/_/    |___/\___/_/
          /____/
    
2026-01-18 01:43:11,164 INFO     32 RAGFlow version: v0.23.1
2026-01-18 01:43:11,166 INFO     32 Current configs, from /ragflow/conf/service_conf.yaml:
	ragflow: {'host': '0.0.0.0', 'http_port': 9380}
	admin: {'host': '0.0.0.0', 'http_port': 9381}
	mysql: {'name': 'rag_flow', 'user': 'root', 'password': '********', 'host': 'mysql', 'port': 3306, 'max_connections': 900, 'stale_timeout': 300, 'max_allowed_packet': 1073741824}
	minio: {'user': 'rag_flow', 'password': '********', 'host': 'minio:9000', 'bucket': '', 'prefix_path': ''}
	es: {'hosts': 'http://es01:9200', 'username': 'elastic', 'password': '********'}
	os: {'hosts': 'http://opensearch01:9201', 'username': 'admin', 'password': '********'}
	infinity: {'uri': 'infinity:23817', 'db_name': 'default_db'}
	oceanbase: {'scheme': 'oceanbase', 'config': {'db_name': 'ragflow_doc', 'user': 'root@ragflow', 'password': 'infini_rag_flow', 'host': 'oceanbase', 'port': 2881}}
	redis: {'db': 1, 'username': '', 'password': '********', 'host': 'redis:6379'}
	user_default_llm: {'default_models': {'embedding_model': {'api_key': 'xxx', 'base_url': 'http://tei:80'}}}
2026-01-18 01:43:11,171 WARNING  32 SECURITY WARNING: Using auto-generated SECRET_KEY.
2026-01-18 01:43:11,184 INFO     32 GET http://es01:9200/ [status:200 duration:0.009s]
2026-01-18 01:43:11,189 INFO     32 HEAD http://es01:9200/ [status:200 duration:0.004s]
2026-01-18 01:43:11,191 INFO     32 Use Elasticsearch http://es01:9200 as the doc engine.
2026-01-18 01:43:11,192 INFO     32 Elasticsearch http://es01:9200 is healthy.
2026-01-18 01:43:11,193 INFO     32 Use Elasticsearch http://es01:9200 as the doc engine.
2026-01-18 01:43:11,195 INFO     32 Elasticsearch http://es01:9200 is healthy.
2026-01-18 01:43:11,201 WARNING  32 Load term.freq FAIL!
2026-01-18 01:43:11,213 WARNING  32 Realtime synonym is disabled, since no redis connection.
2026-01-18 01:43:11,223 WARNING  32 Load term.freq FAIL!
2026-01-18 01:43:11,230 WARNING  32 Realtime synonym is disabled, since no redis connection.
2026-01-18 01:43:11,232 INFO     32 can't import package 'torch'
2026-01-18 01:43:11,233 INFO     32 default embedding config: {'model': '', 'factory': '', 'api_key': 'xxx', 'base_url': 'http://tei:80'}
2026-01-18 01:43:11,235 INFO     32 MAX_CONTENT_LENGTH: 134217728
2026-01-18 01:43:11,236 INFO     32 MAX_FILE_COUNT_PER_USER: 0
2026-01-18 01:43:11,241 WARNING  32 RedisDB.queue_info rag_flow_svr_queue got exception: no such key
2026-01-18 01:43:11,245 WARNING  32 RedisDB.queue_info rag_flow_svr_queue got exception: no such key
2026-01-18 01:43:11,248 WARNING  32 RedisDB.queue_info rag_flow_svr_queue got exception: no such key
2026-01-18 01:43:11,251 INFO     32 task_executor_9b3e549b8cfd_0 reported heartbeat: {"ip_address": "172.20.0.8", "pid": 32, "name": "task_executor_9b3e549b8cfd_0", "now": "2026-01-18T01:43:11.240+08:00", "boot_at": "2026-01-18T01:43:10.730+08:00", "pending": 0, "lag": 0, "done": 0, "failed": 0, "current": {}}
2026-01-18 01:43:11,255 WARNING  32 RedisDB.get_unacked_iterator queue rag_flow_svr_queue_1 doesn't exist
2026-01-18 01:43:11,256 WARNING  32 RedisDB.get_unacked_iterator queue rag_flow_svr_queue doesn't exist
2026-01-18 01:43:40,370 INFO     32 task_executor_9b3e549b8cfd_0 reported heartbeat: {"ip_address": "172.20.0.8", "pid": 32, "name": "task_executor_9b3e549b8cfd_0", "now": "2026-01-18T01:43:40.369+08:00", "boot_at": "2026-01-18T01:43:10.730+08:00", "pending": 0, "lag": 0, "done": 0, "failed": 0, "current": {}}
2026-01-18 01:45:05,064 INFO     31 task_executor_9b3e549b8cfd_0 log path: /ragflow/logs/task_executor_9b3e549b8cfd_0.log, log levels: {'peewee': 'WARNING', 'pdfminer': 'WARNING', 'root': 'INFO'}
2026-01-18 01:45:05,066 INFO     31 Staggering startup by 0.49s to prevent connection storm
2026-01-18 01:45:05,567 INFO     31 
    ____                      __  _
   /  _/___  ____ ____  _____/ /_(_)___  ____     ________  ______   _____  _____
   / // __ \/ __ `/ _ \/ ___/ __/ / __ \/ __ \   / ___/ _ \/ ___/ | / / _ \/ ___/
 _/ // / / / /_/ /  __(__  ) /_/ / /_/ / / / /  (__  )  __/ /   | |/ /  __/ /
/___/_/ /_/\__, /\___/____/\__/_/\____/_/ /_/  /____/\___/_/    |___/\___/_/
          /____/
    
2026-01-18 01:45:05,568 INFO     31 RAGFlow version: v0.23.1
2026-01-18 01:45:05,569 INFO     31 Current configs, from /ragflow/conf/service_conf.yaml:
	ragflow: {'host': '0.0.0.0', 'http_port': 9380}
	admin: {'host': '0.0.0.0', 'http_port': 9381}
	mysql: {'name': 'rag_flow', 'user': 'root', 'password': '********', 'host': 'mysql', 'port': 3306, 'max_connections': 900, 'stale_timeout': 300, 'max_allowed_packet': 1073741824}
	minio: {'user': 'rag_flow', 'password': '********', 'host': 'minio:9000', 'bucket': '', 'prefix_path': ''}
	es: {'hosts': 'http://es01:9200', 'username': 'elastic', 'password': '********'}
	os: {'hosts': 'http://opensearch01:9201', 'username': 'admin', 'password': '********'}
	infinity: {'uri': 'infinity:23817', 'db_name': 'default_db'}
	oceanbase: {'scheme': 'oceanbase', 'config': {'db_name': 'ragflow_doc', 'user': 'root@ragflow', 'password': 'infini_rag_flow', 'host': 'oceanbase', 'port': 2881}}
	redis: {'db': 1, 'username': '', 'password': '********', 'host': 'redis:6379'}
	user_default_llm: {'default_models': {'embedding_model': {'api_key': 'xxx', 'base_url': 'http://tei:80'}}}
2026-01-18 01:45:05,571 WARNING  31 SECURITY WARNING: Using auto-generated SECRET_KEY.
2026-01-18 01:45:05,585 INFO     31 GET http://es01:9200/ [status:200 duration:0.010s]
2026-01-18 01:45:05,591 INFO     31 HEAD http://es01:9200/ [status:200 duration:0.004s]
2026-01-18 01:45:05,592 INFO     31 Use Elasticsearch http://es01:9200 as the doc engine.
2026-01-18 01:45:05,593 INFO     31 Elasticsearch http://es01:9200 is healthy.
2026-01-18 01:45:05,593 INFO     31 Use Elasticsearch http://es01:9200 as the doc engine.
2026-01-18 01:45:05,594 INFO     31 Elasticsearch http://es01:9200 is healthy.
2026-01-18 01:45:05,598 WARNING  31 Load term.freq FAIL!
2026-01-18 01:45:05,604 WARNING  31 Realtime synonym is disabled, since no redis connection.
2026-01-18 01:45:05,614 WARNING  31 Load term.freq FAIL!
2026-01-18 01:45:05,621 WARNING  31 Realtime synonym is disabled, since no redis connection.
2026-01-18 01:45:05,623 INFO     31 can't import package 'torch'
2026-01-18 01:45:05,624 INFO     31 default embedding config: {'model': '', 'factory': '', 'api_key': 'xxx', 'base_url': 'http://tei:80'}
2026-01-18 01:45:05,625 INFO     31 MAX_CONTENT_LENGTH: 134217728
2026-01-18 01:45:05,626 INFO     31 MAX_FILE_COUNT_PER_USER: 0
2026-01-18 01:45:05,630 INFO     31 task_executor_9b3e549b8cfd_0 reported heartbeat: {"ip_address": "172.20.0.8", "pid": 31, "name": "task_executor_9b3e549b8cfd_0", "now": "2026-01-18T01:45:05.629+08:00", "boot_at": "2026-01-18T01:45:05.061+08:00", "pending": 0, "lag": 0, "done": 0, "failed": 0, "current": {}}
2026-01-18 01:45:34,758 INFO     31 task_executor_9b3e549b8cfd_0 reported heartbeat: {"ip_address": "172.20.0.8", "pid": 31, "name": "task_executor_9b3e549b8cfd_0", "now": "2026-01-18T01:45:34.756+08:00", "boot_at": "2026-01-18T01:45:05.061+08:00", "pending": 0, "lag": 0, "done": 0, "failed": 0, "current": {}}
2026-01-18 01:46:03,870 INFO     31 task_executor_9b3e549b8cfd_0 reported heartbeat: {"ip_address": "172.20.0.8", "pid": 31, "name": "task_executor_9b3e549b8cfd_0", "now": "2026-01-18T01:46:03.870+08:00", "boot_at": "2026-01-18T01:45:05.061+08:00", "pending": 0, "lag": 0, "done": 0, "failed": 0, "current": {}}
2026-01-18 01:46:32,996 INFO     31 task_executor_9b3e549b8cfd_0 reported heartbeat: {"ip_address": "172.20.0.8", "pid": 31, "name": "task_executor_9b3e549b8cfd_0", "now": "2026-01-18T01:46:32.995+08:00", "boot_at": "2026-01-18T01:45:05.061+08:00", "pending": 0, "lag": 0, "done": 0, "failed": 0, "current": {}}
2026-01-18 01:47:02,134 INFO     31 task_executor_9b3e549b8cfd_0 reported heartbeat: {"ip_address": "172.20.0.8", "pid": 31, "name": "task_executor_9b3e549b8cfd_0", "now": "2026-01-18T01:47:02.133+08:00", "boot_at": "2026-01-18T01:45:05.061+08:00", "pending": 0, "lag": 0, "done": 0, "failed": 0, "current": {}}
2026-01-18 01:47:31,230 INFO     31 task_executor_9b3e549b8cfd_0 reported heartbeat: {"ip_address": "172.20.0.8", "pid": 31, "name": "task_executor_9b3e549b8cfd_0", "now": "2026-01-18T01:47:31.229+08:00", "boot_at": "2026-01-18T01:45:05.061+08:00", "pending": 0, "lag": 0, "done": 0, "failed": 0, "current": {}}
2026-01-18 01:48:00,353 INFO     31 task_executor_9b3e549b8cfd_0 reported heartbeat: {"ip_address": "172.20.0.8", "pid": 31, "name": "task_executor_9b3e549b8cfd_0", "now": "2026-01-18T01:48:00.353+08:00", "boot_at": "2026-01-18T01:45:05.061+08:00", "pending": 0, "lag": 0, "done": 0, "failed": 0, "current": {}}
2026-01-18 01:48:29,446 INFO     31 task_executor_9b3e549b8cfd_0 reported heartbeat: {"ip_address": "172.20.0.8", "pid": 31, "name": "task_executor_9b3e549b8cfd_0", "now": "2026-01-18T01:48:29.445+08:00", "boot_at": "2026-01-18T01:45:05.061+08:00", "pending": 0, "lag": 0, "done": 0, "failed": 0, "current": {}}
2026-01-18 01:48:58,544 INFO     31 task_executor_9b3e549b8cfd_0 reported heartbeat: {"ip_address": "172.20.0.8", "pid": 31, "name": "task_executor_9b3e549b8cfd_0", "now": "2026-01-18T01:48:58.543+08:00", "boot_at": "2026-01-18T01:45:05.061+08:00", "pending": 0, "lag": 0, "done": 0, "failed": 0, "current": {}}
2026-01-18 01:49:27,687 INFO     31 task_executor_9b3e549b8cfd_0 reported heartbeat: {"ip_address": "172.20.0.8", "pid": 31, "name": "task_executor_9b3e549b8cfd_0", "now": "2026-01-18T01:49:27.686+08:00", "boot_at": "2026-01-18T01:45:05.061+08:00", "pending": 0, "lag": 0, "done": 0, "failed": 0, "current": {}}
2026-01-18 01:49:56,799 INFO     31 task_executor_9b3e549b8cfd_0 reported heartbeat: {"ip_address": "172.20.0.8", "pid": 31, "name": "task_executor_9b3e549b8cfd_0", "now": "2026-01-18T01:49:56.799+08:00", "boot_at": "2026-01-18T01:45:05.061+08:00", "pending": 0, "lag": 0, "done": 0, "failed": 0, "current": {}}
2026-01-18 01:50:25,929 INFO     31 task_executor_9b3e549b8cfd_0 reported heartbeat: {"ip_address": "172.20.0.8", "pid": 31, "name": "task_executor_9b3e549b8cfd_0", "now": "2026-01-18T01:50:25.928+08:00", "boot_at": "2026-01-18T01:45:05.061+08:00", "pending": 0, "lag": 0, "done": 0, "failed": 0, "current": {}}
2026-01-18 01:50:55,045 INFO     31 task_executor_9b3e549b8cfd_0 reported heartbeat: {"ip_address": "172.20.0.8", "pid": 31, "name": "task_executor_9b3e549b8cfd_0", "now": "2026-01-18T01:50:55.044+08:00", "boot_at": "2026-01-18T01:45:05.061+08:00", "pending": 0, "lag": 0, "done": 0, "failed": 0, "current": {}}
2026-01-18 01:51:24,153 INFO     31 task_executor_9b3e549b8cfd_0 reported heartbeat: {"ip_address": "172.20.0.8", "pid": 31, "name": "task_executor_9b3e549b8cfd_0", "now": "2026-01-18T01:51:24.152+08:00", "boot_at": "2026-01-18T01:45:05.061+08:00", "pending": 0, "lag": 0, "done": 0, "failed": 0, "current": {}}
2026-01-18 01:51:53,280 INFO     31 task_executor_9b3e549b8cfd_0 reported heartbeat: {"ip_address": "172.20.0.8", "pid": 31, "name": "task_executor_9b3e549b8cfd_0", "now": "2026-01-18T01:51:53.280+08:00", "boot_at": "2026-01-18T01:45:05.061+08:00", "pending": 0, "lag": 0, "done": 0, "failed": 0, "current": {}}
2026-01-18 01:52:22,367 INFO     31 task_executor_9b3e549b8cfd_0 reported heartbeat: {"ip_address": "172.20.0.8", "pid": 31, "name": "task_executor_9b3e549b8cfd_0", "now": "2026-01-18T01:52:22.367+08:00", "boot_at": "2026-01-18T01:45:05.061+08:00", "pending": 0, "lag": 0, "done": 0, "failed": 0, "current": {}}
2026-01-18 01:52:51,479 INFO     31 task_executor_9b3e549b8cfd_0 reported heartbeat: {"ip_address": "172.20.0.8", "pid": 31, "name": "task_executor_9b3e549b8cfd_0", "now": "2026-01-18T01:52:51.479+08:00", "boot_at": "2026-01-18T01:45:05.061+08:00", "pending": 0, "lag": 0, "done": 0, "failed": 0, "current": {}}
2026-01-18 01:53:20,593 INFO     31 task_executor_9b3e549b8cfd_0 reported heartbeat: {"ip_address": "172.20.0.8", "pid": 31, "name": "task_executor_9b3e549b8cfd_0", "now": "2026-01-18T01:53:20.592+08:00", "boot_at": "2026-01-18T01:45:05.061+08:00", "pending": 0, "lag": 0, "done": 0, "failed": 0, "current": {}}
2026-01-18 01:53:49,719 INFO     31 task_executor_9b3e549b8cfd_0 reported heartbeat: {"ip_address": "172.20.0.8", "pid": 31, "name": "task_executor_9b3e549b8cfd_0", "now": "2026-01-18T01:53:49.717+08:00", "boot_at": "2026-01-18T01:45:05.061+08:00", "pending": 0, "lag": 0, "done": 0, "failed": 0, "current": {}}
2026-01-18 01:54:18,831 INFO     31 task_executor_9b3e549b8cfd_0 reported heartbeat: {"ip_address": "172.20.0.8", "pid": 31, "name": "task_executor_9b3e549b8cfd_0", "now": "2026-01-18T01:54:18.829+08:00", "boot_at": "2026-01-18T01:45:05.061+08:00", "pending": 0, "lag": 0, "done": 0, "failed": 0, "current": {}}
2026-01-18 01:54:47,902 INFO     31 task_executor_9b3e549b8cfd_0 reported heartbeat: {"ip_address": "172.20.0.8", "pid": 31, "name": "task_executor_9b3e549b8cfd_0", "now": "2026-01-18T01:54:47.901+08:00", "boot_at": "2026-01-18T01:45:05.061+08:00", "pending": 0, "lag": 0, "done": 0, "failed": 0, "current": {}}
2026-01-18 01:55:17,007 INFO     31 task_executor_9b3e549b8cfd_0 reported heartbeat: {"ip_address": "172.20.0.8", "pid": 31, "name": "task_executor_9b3e549b8cfd_0", "now": "2026-01-18T01:55:17.006+08:00", "boot_at": "2026-01-18T01:45:05.061+08:00", "pending": 0, "lag": 0, "done": 0, "failed": 0, "current": {}}
2026-01-18 01:55:46,108 INFO     31 task_executor_9b3e549b8cfd_0 reported heartbeat: {"ip_address": "172.20.0.8", "pid": 31, "name": "task_executor_9b3e549b8cfd_0", "now": "2026-01-18T01:55:46.107+08:00", "boot_at": "2026-01-18T01:45:05.061+08:00", "pending": 0, "lag": 0, "done": 0, "failed": 0, "current": {}}
2026-01-18 01:56:15,208 INFO     31 task_executor_9b3e549b8cfd_0 reported heartbeat: {"ip_address": "172.20.0.8", "pid": 31, "name": "task_executor_9b3e549b8cfd_0", "now": "2026-01-18T01:56:15.207+08:00", "boot_at": "2026-01-18T01:45:05.061+08:00", "pending": 0, "lag": 0, "done": 0, "failed": 0, "current": {}}
2026-01-18 01:56:44,314 INFO     31 task_executor_9b3e549b8cfd_0 reported heartbeat: {"ip_address": "172.20.0.8", "pid": 31, "name": "task_executor_9b3e549b8cfd_0", "now": "2026-01-18T01:56:44.313+08:00", "boot_at": "2026-01-18T01:45:05.061+08:00", "pending": 0, "lag": 0, "done": 0, "failed": 0, "current": {}}
2026-01-18 01:57:13,417 INFO     31 task_executor_9b3e549b8cfd_0 reported heartbeat: {"ip_address": "172.20.0.8", "pid": 31, "name": "task_executor_9b3e549b8cfd_0", "now": "2026-01-18T01:57:13.416+08:00", "boot_at": "2026-01-18T01:45:05.061+08:00", "pending": 0, "lag": 0, "done": 0, "failed": 0, "current": {}}
2026-01-18 01:57:42,521 INFO     31 task_executor_9b3e549b8cfd_0 reported heartbeat: {"ip_address": "172.20.0.8", "pid": 31, "name": "task_executor_9b3e549b8cfd_0", "now": "2026-01-18T01:57:42.520+08:00", "boot_at": "2026-01-18T01:45:05.061+08:00", "pending": 0, "lag": 0, "done": 0, "failed": 0, "current": {}}
2026-01-18 01:58:11,623 INFO     31 task_executor_9b3e549b8cfd_0 reported heartbeat: {"ip_address": "172.20.0.8", "pid": 31, "name": "task_executor_9b3e549b8cfd_0", "now": "2026-01-18T01:58:11.622+08:00", "boot_at": "2026-01-18T01:45:05.061+08:00", "pending": 0, "lag": 0, "done": 0, "failed": 0, "current": {}}
2026-01-18 01:58:40,675 INFO     31 task_executor_9b3e549b8cfd_0 reported heartbeat: {"ip_address": "172.20.0.8", "pid": 31, "name": "task_executor_9b3e549b8cfd_0", "now": "2026-01-18T01:58:40.675+08:00", "boot_at": "2026-01-18T01:45:05.061+08:00", "pending": 0, "lag": 0, "done": 0, "failed": 0, "current": {}}
2026-01-18 01:59:09,780 INFO     31 task_executor_9b3e549b8cfd_0 reported heartbeat: {"ip_address": "172.20.0.8", "pid": 31, "name": "task_executor_9b3e549b8cfd_0", "now": "2026-01-18T01:59:09.779+08:00", "boot_at": "2026-01-18T01:45:05.061+08:00", "pending": 0, "lag": 0, "done": 0, "failed": 0, "current": {}}
2026-01-18 01:59:38,886 INFO     31 task_executor_9b3e549b8cfd_0 reported heartbeat: {"ip_address": "172.20.0.8", "pid": 31, "name": "task_executor_9b3e549b8cfd_0", "now": "2026-01-18T01:59:38.885+08:00", "boot_at": "2026-01-18T01:45:05.061+08:00", "pending": 0, "lag": 0, "done": 0, "failed": 0, "current": {}}
2026-01-18 02:00:07,978 INFO     31 task_executor_9b3e549b8cfd_0 reported heartbeat: {"ip_address": "172.20.0.8", "pid": 31, "name": "task_executor_9b3e549b8cfd_0", "now": "2026-01-18T02:00:07.977+08:00", "boot_at": "2026-01-18T01:45:05.061+08:00", "pending": 0, "lag": 0, "done": 0, "failed": 0, "current": {}}
2026-01-18 02:00:37,083 INFO     31 task_executor_9b3e549b8cfd_0 reported heartbeat: {"ip_address": "172.20.0.8", "pid": 31, "name": "task_executor_9b3e549b8cfd_0", "now": "2026-01-18T02:00:37.082+08:00", "boot_at": "2026-01-18T01:45:05.061+08:00", "pending": 0, "lag": 0, "done": 0, "failed": 0, "current": {}}
2026-01-18 02:01:06,140 INFO     31 task_executor_9b3e549b8cfd_0 reported heartbeat: {"ip_address": "172.20.0.8", "pid": 31, "name": "task_executor_9b3e549b8cfd_0", "now": "2026-01-18T02:01:06.139+08:00", "boot_at": "2026-01-18T01:45:05.061+08:00", "pending": 0, "lag": 0, "done": 0, "failed": 0, "current": {}}
2026-01-18 02:01:35,245 INFO     31 task_executor_9b3e549b8cfd_0 reported heartbeat: {"ip_address": "172.20.0.8", "pid": 31, "name": "task_executor_9b3e549b8cfd_0", "now": "2026-01-18T02:01:35.245+08:00", "boot_at": "2026-01-18T01:45:05.061+08:00", "pending": 0, "lag": 0, "done": 0, "failed": 0, "current": {}}
2026-01-18 02:02:04,346 INFO     31 task_executor_9b3e549b8cfd_0 reported heartbeat: {"ip_address": "172.20.0.8", "pid": 31, "name": "task_executor_9b3e549b8cfd_0", "now": "2026-01-18T02:02:04.346+08:00", "boot_at": "2026-01-18T01:45:05.061+08:00", "pending": 0, "lag": 0, "done": 0, "failed": 0, "current": {}}
2026-01-18 02:02:33,427 INFO     31 task_executor_9b3e549b8cfd_0 reported heartbeat: {"ip_address": "172.20.0.8", "pid": 31, "name": "task_executor_9b3e549b8cfd_0", "now": "2026-01-18T02:02:33.426+08:00", "boot_at": "2026-01-18T01:45:05.061+08:00", "pending": 0, "lag": 0, "done": 0, "failed": 0, "current": {}}
2026-01-18 02:03:02,526 INFO     31 task_executor_9b3e549b8cfd_0 reported heartbeat: {"ip_address": "172.20.0.8", "pid": 31, "name": "task_executor_9b3e549b8cfd_0", "now": "2026-01-18T02:03:02.526+08:00", "boot_at": "2026-01-18T01:45:05.061+08:00", "pending": 0, "lag": 0, "done": 0, "failed": 0, "current": {}}
2026-01-18 02:03:31,608 INFO     31 task_executor_9b3e549b8cfd_0 reported heartbeat: {"ip_address": "172.20.0.8", "pid": 31, "name": "task_executor_9b3e549b8cfd_0", "now": "2026-01-18T02:03:31.607+08:00", "boot_at": "2026-01-18T01:45:05.061+08:00", "pending": 0, "lag": 0, "done": 0, "failed": 0, "current": {}}
2026-01-18 02:04:00,789 INFO     31 task_executor_9b3e549b8cfd_0 reported heartbeat: {"ip_address": "172.20.0.8", "pid": 31, "name": "task_executor_9b3e549b8cfd_0", "now": "2026-01-18T02:04:00.788+08:00", "boot_at": "2026-01-18T01:45:05.061+08:00", "pending": 0, "lag": 0, "done": 0, "failed": 0, "current": {}}
2026-01-18 02:04:29,888 INFO     31 task_executor_9b3e549b8cfd_0 reported heartbeat: {"ip_address": "172.20.0.8", "pid": 31, "name": "task_executor_9b3e549b8cfd_0", "now": "2026-01-18T02:04:29.887+08:00", "boot_at": "2026-01-18T01:45:05.061+08:00", "pending": 0, "lag": 0, "done": 0, "failed": 0, "current": {}}
2026-01-18 02:04:58,942 INFO     31 task_executor_9b3e549b8cfd_0 reported heartbeat: {"ip_address": "172.20.0.8", "pid": 31, "name": "task_executor_9b3e549b8cfd_0", "now": "2026-01-18T02:04:58.941+08:00", "boot_at": "2026-01-18T01:45:05.061+08:00", "pending": 0, "lag": 0, "done": 0, "failed": 0, "current": {}}
2026-01-18 02:05:28,032 INFO     31 task_executor_9b3e549b8cfd_0 reported heartbeat: {"ip_address": "172.20.0.8", "pid": 31, "name": "task_executor_9b3e549b8cfd_0", "now": "2026-01-18T02:05:28.031+08:00", "boot_at": "2026-01-18T01:45:05.061+08:00", "pending": 0, "lag": 0, "done": 0, "failed": 0, "current": {}}
2026-01-18 02:05:57,113 INFO     31 task_executor_9b3e549b8cfd_0 reported heartbeat: {"ip_address": "172.20.0.8", "pid": 31, "name": "task_executor_9b3e549b8cfd_0", "now": "2026-01-18T02:05:57.112+08:00", "boot_at": "2026-01-18T01:45:05.061+08:00", "pending": 0, "lag": 0, "done": 0, "failed": 0, "current": {}}
2026-01-18 02:06:26,198 INFO     31 task_executor_9b3e549b8cfd_0 reported heartbeat: {"ip_address": "172.20.0.8", "pid": 31, "name": "task_executor_9b3e549b8cfd_0", "now": "2026-01-18T02:06:26.197+08:00", "boot_at": "2026-01-18T01:45:05.061+08:00", "pending": 0, "lag": 0, "done": 0, "failed": 0, "current": {}}
2026-01-18 02:06:55,281 INFO     31 task_executor_9b3e549b8cfd_0 reported heartbeat: {"ip_address": "172.20.0.8", "pid": 31, "name": "task_executor_9b3e549b8cfd_0", "now": "2026-01-18T02:06:55.280+08:00", "boot_at": "2026-01-18T01:45:05.061+08:00", "pending": 0, "lag": 0, "done": 0, "failed": 0, "current": {}}
2026-01-18 02:07:24,329 INFO     31 task_executor_9b3e549b8cfd_0 reported heartbeat: {"ip_address": "172.20.0.8", "pid": 31, "name": "task_executor_9b3e549b8cfd_0", "now": "2026-01-18T02:07:24.328+08:00", "boot_at": "2026-01-18T01:45:05.061+08:00", "pending": 0, "lag": 0, "done": 0, "failed": 0, "current": {}}
2026-01-18 02:07:53,408 INFO     31 task_executor_9b3e549b8cfd_0 reported heartbeat: {"ip_address": "172.20.0.8", "pid": 31, "name": "task_executor_9b3e549b8cfd_0", "now": "2026-01-18T02:07:53.407+08:00", "boot_at": "2026-01-18T01:45:05.061+08:00", "pending": 0, "lag": 0, "done": 0, "failed": 0, "current": {}}
2026-01-18 02:08:22,491 INFO     31 task_executor_9b3e549b8cfd_0 reported heartbeat: {"ip_address": "172.20.0.8", "pid": 31, "name": "task_executor_9b3e549b8cfd_0", "now": "2026-01-18T02:08:22.490+08:00", "boot_at": "2026-01-18T01:45:05.061+08:00", "pending": 0, "lag": 0, "done": 0, "failed": 0, "current": {}}
2026-01-18 02:08:51,601 INFO     31 task_executor_9b3e549b8cfd_0 reported heartbeat: {"ip_address": "172.20.0.8", "pid": 31, "name": "task_executor_9b3e549b8cfd_0", "now": "2026-01-18T02:08:51.601+08:00", "boot_at": "2026-01-18T01:45:05.061+08:00", "pending": 0, "lag": 0, "done": 0, "failed": 0, "current": {}}
2026-01-18 02:09:20,681 INFO     31 task_executor_9b3e549b8cfd_0 reported heartbeat: {"ip_address": "172.20.0.8", "pid": 31, "name": "task_executor_9b3e549b8cfd_0", "now": "2026-01-18T02:09:20.680+08:00", "boot_at": "2026-01-18T01:45:05.061+08:00", "pending": 0, "lag": 0, "done": 0, "failed": 0, "current": {}}
2026-01-18 02:09:49,748 INFO     31 task_executor_9b3e549b8cfd_0 reported heartbeat: {"ip_address": "172.20.0.8", "pid": 31, "name": "task_executor_9b3e549b8cfd_0", "now": "2026-01-18T02:09:49.747+08:00", "boot_at": "2026-01-18T01:45:05.061+08:00", "pending": 0, "lag": 0, "done": 0, "failed": 0, "current": {}}
2026-01-18 02:10:18,815 INFO     31 task_executor_9b3e549b8cfd_0 reported heartbeat: {"ip_address": "172.20.0.8", "pid": 31, "name": "task_executor_9b3e549b8cfd_0", "now": "2026-01-18T02:10:18.815+08:00", "boot_at": "2026-01-18T01:45:05.061+08:00", "pending": 0, "lag": 0, "done": 0, "failed": 0, "current": {}}
2026-01-18 02:10:47,899 INFO     31 task_executor_9b3e549b8cfd_0 reported heartbeat: {"ip_address": "172.20.0.8", "pid": 31, "name": "task_executor_9b3e549b8cfd_0", "now": "2026-01-18T02:10:47.898+08:00", "boot_at": "2026-01-18T01:45:05.061+08:00", "pending": 0, "lag": 0, "done": 0, "failed": 0, "current": {}}
2026-01-18 02:11:16,930 INFO     31 task_executor_9b3e549b8cfd_0 reported heartbeat: {"ip_address": "172.20.0.8", "pid": 31, "name": "task_executor_9b3e549b8cfd_0", "now": "2026-01-18T02:11:16.929+08:00", "boot_at": "2026-01-18T01:45:05.061+08:00", "pending": 0, "lag": 0, "done": 0, "failed": 0, "current": {}}
2026-01-18 02:11:46,028 INFO     31 task_executor_9b3e549b8cfd_0 reported heartbeat: {"ip_address": "172.20.0.8", "pid": 31, "name": "task_executor_9b3e549b8cfd_0", "now": "2026-01-18T02:11:46.027+08:00", "boot_at": "2026-01-18T01:45:05.061+08:00", "pending": 0, "lag": 0, "done": 0, "failed": 0, "current": {}}
2026-01-18 02:12:15,108 INFO     31 task_executor_9b3e549b8cfd_0 reported heartbeat: {"ip_address": "172.20.0.8", "pid": 31, "name": "task_executor_9b3e549b8cfd_0", "now": "2026-01-18T02:12:15.108+08:00", "boot_at": "2026-01-18T01:45:05.061+08:00", "pending": 0, "lag": 0, "done": 0, "failed": 0, "current": {}}
2026-01-18 02:12:44,179 INFO     31 task_executor_9b3e549b8cfd_0 reported heartbeat: {"ip_address": "172.20.0.8", "pid": 31, "name": "task_executor_9b3e549b8cfd_0", "now": "2026-01-18T02:12:44.178+08:00", "boot_at": "2026-01-18T01:45:05.061+08:00", "pending": 0, "lag": 0, "done": 0, "failed": 0, "current": {}}
2026-01-18 02:13:13,248 INFO     31 task_executor_9b3e549b8cfd_0 reported heartbeat: {"ip_address": "172.20.0.8", "pid": 31, "name": "task_executor_9b3e549b8cfd_0", "now": "2026-01-18T02:13:13.246+08:00", "boot_at": "2026-01-18T01:45:05.061+08:00", "pending": 0, "lag": 0, "done": 0, "failed": 0, "current": {}}
2026-01-18 02:13:42,283 INFO     31 task_executor_9b3e549b8cfd_0 reported heartbeat: {"ip_address": "172.20.0.8", "pid": 31, "name": "task_executor_9b3e549b8cfd_0", "now": "2026-01-18T02:13:42.282+08:00", "boot_at": "2026-01-18T01:45:05.061+08:00", "pending": 0, "lag": 0, "done": 0, "failed": 0, "current": {}}
2026-01-18 02:14:11,344 INFO     31 task_executor_9b3e549b8cfd_0 reported heartbeat: {"ip_address": "172.20.0.8", "pid": 31, "name": "task_executor_9b3e549b8cfd_0", "now": "2026-01-18T02:14:11.343+08:00", "boot_at": "2026-01-18T01:45:05.061+08:00", "pending": 0, "lag": 0, "done": 0, "failed": 0, "current": {}}
2026-01-18 02:14:40,421 INFO     31 task_executor_9b3e549b8cfd_0 reported heartbeat: {"ip_address": "172.20.0.8", "pid": 31, "name": "task_executor_9b3e549b8cfd_0", "now": "2026-01-18T02:14:40.421+08:00", "boot_at": "2026-01-18T01:45:05.061+08:00", "pending": 0, "lag": 0, "done": 0, "failed": 0, "current": {}}
2026-01-18 02:15:09,509 INFO     31 task_executor_9b3e549b8cfd_0 reported heartbeat: {"ip_address": "172.20.0.8", "pid": 31, "name": "task_executor_9b3e549b8cfd_0", "now": "2026-01-18T02:15:09.508+08:00", "boot_at": "2026-01-18T01:45:05.061+08:00", "pending": 0, "lag": 0, "done": 0, "failed": 0, "current": {}}
2026-01-18 02:15:38,573 INFO     31 task_executor_9b3e549b8cfd_0 reported heartbeat: {"ip_address": "172.20.0.8", "pid": 31, "name": "task_executor_9b3e549b8cfd_0", "now": "2026-01-18T02:15:38.572+08:00", "boot_at": "2026-01-18T01:45:05.061+08:00", "pending": 0, "lag": 0, "done": 0, "failed": 0, "current": {}}
2026-01-18 02:16:07,628 INFO     31 task_executor_9b3e549b8cfd_0 reported heartbeat: {"ip_address": "172.20.0.8", "pid": 31, "name": "task_executor_9b3e549b8cfd_0", "now": "2026-01-18T02:16:07.628+08:00", "boot_at": "2026-01-18T01:45:05.061+08:00", "pending": 0, "lag": 0, "done": 0, "failed": 0, "current": {}}
2026-01-18 02:16:36,687 INFO     31 task_executor_9b3e549b8cfd_0 reported heartbeat: {"ip_address": "172.20.0.8", "pid": 31, "name": "task_executor_9b3e549b8cfd_0", "now": "2026-01-18T02:16:36.686+08:00", "boot_at": "2026-01-18T01:45:05.061+08:00", "pending": 0, "lag": 0, "done": 0, "failed": 0, "current": {}}
2026-01-18 02:17:05,754 INFO     31 task_executor_9b3e549b8cfd_0 reported heartbeat: {"ip_address": "172.20.0.8", "pid": 31, "name": "task_executor_9b3e549b8cfd_0", "now": "2026-01-18T02:17:05.753+08:00", "boot_at": "2026-01-18T01:45:05.061+08:00", "pending": 0, "lag": 0, "done": 0, "failed": 0, "current": {}}
2026-01-18 02:17:34,778 INFO     31 task_executor_9b3e549b8cfd_0 reported heartbeat: {"ip_address": "172.20.0.8", "pid": 31, "name": "task_executor_9b3e549b8cfd_0", "now": "2026-01-18T02:17:34.777+08:00", "boot_at": "2026-01-18T01:45:05.061+08:00", "pending": 0, "lag": 0, "done": 0, "failed": 0, "current": {}}
2026-01-18 02:18:03,830 INFO     31 task_executor_9b3e549b8cfd_0 reported heartbeat: {"ip_address": "172.20.0.8", "pid": 31, "name": "task_executor_9b3e549b8cfd_0", "now": "2026-01-18T02:18:03.830+08:00", "boot_at": "2026-01-18T01:45:05.061+08:00", "pending": 0, "lag": 0, "done": 0, "failed": 0, "current": {}}
2026-01-18 02:18:32,895 INFO     31 task_executor_9b3e549b8cfd_0 reported heartbeat: {"ip_address": "172.20.0.8", "pid": 31, "name": "task_executor_9b3e549b8cfd_0", "now": "2026-01-18T02:18:32.894+08:00", "boot_at": "2026-01-18T01:45:05.061+08:00", "pending": 0, "lag": 0, "done": 0, "failed": 0, "current": {}}
2026-01-18 02:19:02,010 INFO     31 task_executor_9b3e549b8cfd_0 reported heartbeat: {"ip_address": "172.20.0.8", "pid": 31, "name": "task_executor_9b3e549b8cfd_0", "now": "2026-01-18T02:19:02.009+08:00", "boot_at": "2026-01-18T01:45:05.061+08:00", "pending": 0, "lag": 0, "done": 0, "failed": 0, "current": {}}
2026-01-18 02:19:31,131 INFO     31 task_executor_9b3e549b8cfd_0 reported heartbeat: {"ip_address": "172.20.0.8", "pid": 31, "name": "task_executor_9b3e549b8cfd_0", "now": "2026-01-18T02:19:31.128+08:00", "boot_at": "2026-01-18T01:45:05.061+08:00", "pending": 0, "lag": 0, "done": 0, "failed": 0, "current": {}}
2026-01-18 02:20:00,154 INFO     31 task_executor_9b3e549b8cfd_0 reported heartbeat: {"ip_address": "172.20.0.8", "pid": 31, "name": "task_executor_9b3e549b8cfd_0", "now": "2026-01-18T02:20:00.153+08:00", "boot_at": "2026-01-18T01:45:05.061+08:00", "pending": 0, "lag": 0, "done": 0, "failed": 0, "current": {}}
2026-01-18 02:20:29,209 INFO     31 task_executor_9b3e549b8cfd_0 reported heartbeat: {"ip_address": "172.20.0.8", "pid": 31, "name": "task_executor_9b3e549b8cfd_0", "now": "2026-01-18T02:20:29.208+08:00", "boot_at": "2026-01-18T01:45:05.061+08:00", "pending": 0, "lag": 0, "done": 0, "failed": 0, "current": {}}
2026-01-18 02:20:58,259 INFO     31 task_executor_9b3e549b8cfd_0 reported heartbeat: {"ip_address": "172.20.0.8", "pid": 31, "name": "task_executor_9b3e549b8cfd_0", "now": "2026-01-18T02:20:58.258+08:00", "boot_at": "2026-01-18T01:45:05.061+08:00", "pending": 0, "lag": 0, "done": 0, "failed": 0, "current": {}}
2026-01-18 02:21:27,436 INFO     31 task_executor_9b3e549b8cfd_0 reported heartbeat: {"ip_address": "172.20.0.8", "pid": 31, "name": "task_executor_9b3e549b8cfd_0", "now": "2026-01-18T02:21:27.435+08:00", "boot_at": "2026-01-18T01:45:05.061+08:00", "pending": 0, "lag": 0, "done": 0, "failed": 0, "current": {}}
2026-01-18 02:21:56,489 INFO     31 task_executor_9b3e549b8cfd_0 reported heartbeat: {"ip_address": "172.20.0.8", "pid": 31, "name": "task_executor_9b3e549b8cfd_0", "now": "2026-01-18T02:21:56.488+08:00", "boot_at": "2026-01-18T01:45:05.061+08:00", "pending": 0, "lag": 0, "done": 0, "failed": 0, "current": {}}
2026-01-18 02:22:25,502 INFO     31 task_executor_9b3e549b8cfd_0 reported heartbeat: {"ip_address": "172.20.0.8", "pid": 31, "name": "task_executor_9b3e549b8cfd_0", "now": "2026-01-18T02:22:25.501+08:00", "boot_at": "2026-01-18T01:45:05.061+08:00", "pending": 0, "lag": 0, "done": 0, "failed": 0, "current": {}}
2026-01-18 02:22:54,545 INFO     31 task_executor_9b3e549b8cfd_0 reported heartbeat: {"ip_address": "172.20.0.8", "pid": 31, "name": "task_executor_9b3e549b8cfd_0", "now": "2026-01-18T02:22:54.545+08:00", "boot_at": "2026-01-18T01:45:05.061+08:00", "pending": 0, "lag": 0, "done": 0, "failed": 0, "current": {}}
2026-01-18 02:23:23,611 INFO     31 task_executor_9b3e549b8cfd_0 reported heartbeat: {"ip_address": "172.20.0.8", "pid": 31, "name": "task_executor_9b3e549b8cfd_0", "now": "2026-01-18T02:23:23.610+08:00", "boot_at": "2026-01-18T01:45:05.061+08:00", "pending": 0, "lag": 0, "done": 0, "failed": 0, "current": {}}
2026-01-18 02:23:52,653 INFO     31 task_executor_9b3e549b8cfd_0 reported heartbeat: {"ip_address": "172.20.0.8", "pid": 31, "name": "task_executor_9b3e549b8cfd_0", "now": "2026-01-18T02:23:52.652+08:00", "boot_at": "2026-01-18T01:45:05.061+08:00", "pending": 0, "lag": 0, "done": 0, "failed": 0, "current": {}}
2026-01-18 02:24:21,703 INFO     31 task_executor_9b3e549b8cfd_0 reported heartbeat: {"ip_address": "172.20.0.8", "pid": 31, "name": "task_executor_9b3e549b8cfd_0", "now": "2026-01-18T02:24:21.702+08:00", "boot_at": "2026-01-18T01:45:05.061+08:00", "pending": 0, "lag": 0, "done": 0, "failed": 0, "current": {}}
2026-01-18 02:24:50,745 INFO     31 task_executor_9b3e549b8cfd_0 reported heartbeat: {"ip_address": "172.20.0.8", "pid": 31, "name": "task_executor_9b3e549b8cfd_0", "now": "2026-01-18T02:24:50.744+08:00", "boot_at": "2026-01-18T01:45:05.061+08:00", "pending": 0, "lag": 0, "done": 0, "failed": 0, "current": {}}
2026-01-18 02:25:20,000 INFO     31 task_executor_9b3e549b8cfd_0 reported heartbeat: {"ip_address": "172.20.0.8", "pid": 31, "name": "task_executor_9b3e549b8cfd_0", "now": "2026-01-18T02:25:20.000+08:00", "boot_at": "2026-01-18T01:45:05.061+08:00", "pending": 0, "lag": 0, "done": 0, "failed": 0, "current": {}}
2026-01-18 02:25:49,048 INFO     31 task_executor_9b3e549b8cfd_0 reported heartbeat: {"ip_address": "172.20.0.8", "pid": 31, "name": "task_executor_9b3e549b8cfd_0", "now": "2026-01-18T02:25:49.047+08:00", "boot_at": "2026-01-18T01:45:05.061+08:00", "pending": 0, "lag": 0, "done": 0, "failed": 0, "current": {}}
2026-01-18 02:26:18,074 INFO     31 task_executor_9b3e549b8cfd_0 reported heartbeat: {"ip_address": "172.20.0.8", "pid": 31, "name": "task_executor_9b3e549b8cfd_0", "now": "2026-01-18T02:26:18.074+08:00", "boot_at": "2026-01-18T01:45:05.061+08:00", "pending": 0, "lag": 0, "done": 0, "failed": 0, "current": {}}
2026-01-18 02:26:47,122 INFO     31 task_executor_9b3e549b8cfd_0 reported heartbeat: {"ip_address": "172.20.0.8", "pid": 31, "name": "task_executor_9b3e549b8cfd_0", "now": "2026-01-18T02:26:47.121+08:00", "boot_at": "2026-01-18T01:45:05.061+08:00", "pending": 0, "lag": 0, "done": 0, "failed": 0, "current": {}}
2026-01-18 02:27:16,172 INFO     31 task_executor_9b3e549b8cfd_0 reported heartbeat: {"ip_address": "172.20.0.8", "pid": 31, "name": "task_executor_9b3e549b8cfd_0", "now": "2026-01-18T02:27:16.171+08:00", "boot_at": "2026-01-18T01:45:05.061+08:00", "pending": 0, "lag": 0, "done": 0, "failed": 0, "current": {}}
2026-01-18 02:27:45,212 INFO     31 task_executor_9b3e549b8cfd_0 reported heartbeat: {"ip_address": "172.20.0.8", "pid": 31, "name": "task_executor_9b3e549b8cfd_0", "now": "2026-01-18T02:27:45.212+08:00", "boot_at": "2026-01-18T01:45:05.061+08:00", "pending": 0, "lag": 0, "done": 0, "failed": 0, "current": {}}
2026-01-18 02:28:14,259 INFO     31 task_executor_9b3e549b8cfd_0 reported heartbeat: {"ip_address": "172.20.0.8", "pid": 31, "name": "task_executor_9b3e549b8cfd_0", "now": "2026-01-18T02:28:14.258+08:00", "boot_at": "2026-01-18T01:45:05.061+08:00", "pending": 0, "lag": 0, "done": 0, "failed": 0, "current": {}}
2026-01-18 02:28:43,282 INFO     31 task_executor_9b3e549b8cfd_0 reported heartbeat: {"ip_address": "172.20.0.8", "pid": 31, "name": "task_executor_9b3e549b8cfd_0", "now": "2026-01-18T02:28:43.281+08:00", "boot_at": "2026-01-18T01:45:05.061+08:00", "pending": 0, "lag": 0, "done": 0, "failed": 0, "current": {}}
2026-01-18 02:29:12,346 INFO     31 task_executor_9b3e549b8cfd_0 reported heartbeat: {"ip_address": "172.20.0.8", "pid": 31, "name": "task_executor_9b3e549b8cfd_0", "now": "2026-01-18T02:29:12.346+08:00", "boot_at": "2026-01-18T01:45:05.061+08:00", "pending": 0, "lag": 0, "done": 0, "failed": 0, "current": {}}
2026-01-18 02:29:41,388 INFO     31 task_executor_9b3e549b8cfd_0 reported heartbeat: {"ip_address": "172.20.0.8", "pid": 31, "name": "task_executor_9b3e549b8cfd_0", "now": "2026-01-18T02:29:41.387+08:00", "boot_at": "2026-01-18T01:45:05.061+08:00", "pending": 0, "lag": 0, "done": 0, "failed": 0, "current": {}}
2026-01-18 02:30:10,431 INFO     31 task_executor_9b3e549b8cfd_0 reported heartbeat: {"ip_address": "172.20.0.8", "pid": 31, "name": "task_executor_9b3e549b8cfd_0", "now": "2026-01-18T02:30:10.430+08:00", "boot_at": "2026-01-18T01:45:05.061+08:00", "pending": 0, "lag": 0, "done": 0, "failed": 0, "current": {}}
2026-01-18 02:30:39,479 INFO     31 task_executor_9b3e549b8cfd_0 reported heartbeat: {"ip_address": "172.20.0.8", "pid": 31, "name": "task_executor_9b3e549b8cfd_0", "now": "2026-01-18T02:30:39.477+08:00", "boot_at": "2026-01-18T01:45:05.061+08:00", "pending": 0, "lag": 0, "done": 0, "failed": 0, "current": {}}
2026-01-18 02:31:08,504 INFO     31 task_executor_9b3e549b8cfd_0 reported heartbeat: {"ip_address": "172.20.0.8", "pid": 31, "name": "task_executor_9b3e549b8cfd_0", "now": "2026-01-18T02:31:08.503+08:00", "boot_at": "2026-01-18T01:45:05.061+08:00", "pending": 0, "lag": 0, "done": 0, "failed": 0, "current": {}}
2026-01-18 02:31:37,532 INFO     31 task_executor_9b3e549b8cfd_0 reported heartbeat: {"ip_address": "172.20.0.8", "pid": 31, "name": "task_executor_9b3e549b8cfd_0", "now": "2026-01-18T02:31:37.532+08:00", "boot_at": "2026-01-18T01:45:05.061+08:00", "pending": 0, "lag": 0, "done": 0, "failed": 0, "current": {}}
2026-01-18 02:32:06,594 INFO     31 task_executor_9b3e549b8cfd_0 reported heartbeat: {"ip_address": "172.20.0.8", "pid": 31, "name": "task_executor_9b3e549b8cfd_0", "now": "2026-01-18T02:32:06.593+08:00", "boot_at": "2026-01-18T01:45:05.061+08:00", "pending": 0, "lag": 0, "done": 0, "failed": 0, "current": {}}
2026-01-18 02:32:35,623 INFO     31 task_executor_9b3e549b8cfd_0 reported heartbeat: {"ip_address": "172.20.0.8", "pid": 31, "name": "task_executor_9b3e549b8cfd_0", "now": "2026-01-18T02:32:35.622+08:00", "boot_at": "2026-01-18T01:45:05.061+08:00", "pending": 0, "lag": 0, "done": 0, "failed": 0, "current": {}}
2026-01-18 02:33:04,659 INFO     31 task_executor_9b3e549b8cfd_0 reported heartbeat: {"ip_address": "172.20.0.8", "pid": 31, "name": "task_executor_9b3e549b8cfd_0", "now": "2026-01-18T02:33:04.659+08:00", "boot_at": "2026-01-18T01:45:05.061+08:00", "pending": 0, "lag": 0, "done": 0, "failed": 0, "current": {}}
2026-01-18 02:33:33,674 INFO     31 task_executor_9b3e549b8cfd_0 reported heartbeat: {"ip_address": "172.20.0.8", "pid": 31, "name": "task_executor_9b3e549b8cfd_0", "now": "2026-01-18T02:33:33.673+08:00", "boot_at": "2026-01-18T01:45:05.061+08:00", "pending": 0, "lag": 0, "done": 0, "failed": 0, "current": {}}
2026-01-18 02:34:02,772 INFO     31 task_executor_9b3e549b8cfd_0 reported heartbeat: {"ip_address": "172.20.0.8", "pid": 31, "name": "task_executor_9b3e549b8cfd_0", "now": "2026-01-18T02:34:02.772+08:00", "boot_at": "2026-01-18T01:45:05.061+08:00", "pending": 0, "lag": 0, "done": 0, "failed": 0, "current": {}}
2026-01-18 02:34:31,838 INFO     31 task_executor_9b3e549b8cfd_0 reported heartbeat: {"ip_address": "172.20.0.8", "pid": 31, "name": "task_executor_9b3e549b8cfd_0", "now": "2026-01-18T02:34:31.837+08:00", "boot_at": "2026-01-18T01:45:05.061+08:00", "pending": 0, "lag": 0, "done": 0, "failed": 0, "current": {}}
2026-01-18 02:35:00,861 INFO     31 task_executor_9b3e549b8cfd_0 reported heartbeat: {"ip_address": "172.20.0.8", "pid": 31, "name": "task_executor_9b3e549b8cfd_0", "now": "2026-01-18T02:35:00.861+08:00", "boot_at": "2026-01-18T01:45:05.061+08:00", "pending": 0, "lag": 0, "done": 0, "failed": 0, "current": {}}
2026-01-18 02:35:29,892 INFO     31 task_executor_9b3e549b8cfd_0 reported heartbeat: {"ip_address": "172.20.0.8", "pid": 31, "name": "task_executor_9b3e549b8cfd_0", "now": "2026-01-18T02:35:29.892+08:00", "boot_at": "2026-01-18T01:45:05.061+08:00", "pending": 0, "lag": 0, "done": 0, "failed": 0, "current": {}}
2026-01-18 02:35:59,032 INFO     31 task_executor_9b3e549b8cfd_0 reported heartbeat: {"ip_address": "172.20.0.8", "pid": 31, "name": "task_executor_9b3e549b8cfd_0", "now": "2026-01-18T02:35:59.031+08:00", "boot_at": "2026-01-18T01:45:05.061+08:00", "pending": 0, "lag": 0, "done": 0, "failed": 0, "current": {}}
2026-01-18 02:36:28,062 INFO     31 task_executor_9b3e549b8cfd_0 reported heartbeat: {"ip_address": "172.20.0.8", "pid": 31, "name": "task_executor_9b3e549b8cfd_0", "now": "2026-01-18T02:36:28.061+08:00", "boot_at": "2026-01-18T01:45:05.061+08:00", "pending": 0, "lag": 0, "done": 0, "failed": 0, "current": {}}
2026-01-18 02:36:57,101 INFO     31 task_executor_9b3e549b8cfd_0 reported heartbeat: {"ip_address": "172.20.0.8", "pid": 31, "name": "task_executor_9b3e549b8cfd_0", "now": "2026-01-18T02:36:57.100+08:00", "boot_at": "2026-01-18T01:45:05.061+08:00", "pending": 0, "lag": 0, "done": 0, "failed": 0, "current": {}}
2026-01-18 02:37:26,123 INFO     31 task_executor_9b3e549b8cfd_0 reported heartbeat: {"ip_address": "172.20.0.8", "pid": 31, "name": "task_executor_9b3e549b8cfd_0", "now": "2026-01-18T02:37:26.122+08:00", "boot_at": "2026-01-18T01:45:05.061+08:00", "pending": 0, "lag": 0, "done": 0, "failed": 0, "current": {}}
2026-01-18 02:37:55,159 INFO     31 task_executor_9b3e549b8cfd_0 reported heartbeat: {"ip_address": "172.20.0.8", "pid": 31, "name": "task_executor_9b3e549b8cfd_0", "now": "2026-01-18T02:37:55.158+08:00", "boot_at": "2026-01-18T01:45:05.061+08:00", "pending": 0, "lag": 0, "done": 0, "failed": 0, "current": {}}
2026-01-18 02:38:24,171 INFO     31 task_executor_9b3e549b8cfd_0 reported heartbeat: {"ip_address": "172.20.0.8", "pid": 31, "name": "task_executor_9b3e549b8cfd_0", "now": "2026-01-18T02:38:24.170+08:00", "boot_at": "2026-01-18T01:45:05.061+08:00", "pending": 0, "lag": 0, "done": 0, "failed": 0, "current": {}}
2026-01-18 02:38:53,199 INFO     31 task_executor_9b3e549b8cfd_0 reported heartbeat: {"ip_address": "172.20.0.8", "pid": 31, "name": "task_executor_9b3e549b8cfd_0", "now": "2026-01-18T02:38:53.198+08:00", "boot_at": "2026-01-18T01:45:05.061+08:00", "pending": 0, "lag": 0, "done": 0, "failed": 0, "current": {}}
2026-01-18 02:39:22,247 INFO     31 task_executor_9b3e549b8cfd_0 reported heartbeat: {"ip_address": "172.20.0.8", "pid": 31, "name": "task_executor_9b3e549b8cfd_0", "now": "2026-01-18T02:39:22.247+08:00", "boot_at": "2026-01-18T01:45:05.061+08:00", "pending": 0, "lag": 0, "done": 0, "failed": 0, "current": {}}
2026-01-18 02:39:51,255 INFO     31 task_executor_9b3e549b8cfd_0 reported heartbeat: {"ip_address": "172.20.0.8", "pid": 31, "name": "task_executor_9b3e549b8cfd_0", "now": "2026-01-18T02:39:51.254+08:00", "boot_at": "2026-01-18T01:45:05.061+08:00", "pending": 0, "lag": 0, "done": 0, "failed": 0, "current": {}}
2026-01-18 02:40:20,282 INFO     31 task_executor_9b3e549b8cfd_0 reported heartbeat: {"ip_address": "172.20.0.8", "pid": 31, "name": "task_executor_9b3e549b8cfd_0", "now": "2026-01-18T02:40:20.281+08:00", "boot_at": "2026-01-18T01:45:05.061+08:00", "pending": 0, "lag": 0, "done": 0, "failed": 0, "current": {}}
2026-01-18 02:40:49,288 INFO     31 task_executor_9b3e549b8cfd_0 reported heartbeat: {"ip_address": "172.20.0.8", "pid": 31, "name": "task_executor_9b3e549b8cfd_0", "now": "2026-01-18T02:40:49.288+08:00", "boot_at": "2026-01-18T01:45:05.061+08:00", "pending": 0, "lag": 0, "done": 0, "failed": 0, "current": {}}
2026-01-18 02:41:18,307 INFO     31 task_executor_9b3e549b8cfd_0 reported heartbeat: {"ip_address": "172.20.0.8", "pid": 31, "name": "task_executor_9b3e549b8cfd_0", "now": "2026-01-18T02:41:18.306+08:00", "boot_at": "2026-01-18T01:45:05.061+08:00", "pending": 0, "lag": 0, "done": 0, "failed": 0, "current": {}}
2026-01-18 02:41:47,339 INFO     31 task_executor_9b3e549b8cfd_0 reported heartbeat: {"ip_address": "172.20.0.8", "pid": 31, "name": "task_executor_9b3e549b8cfd_0", "now": "2026-01-18T02:41:47.338+08:00", "boot_at": "2026-01-18T01:45:05.061+08:00", "pending": 0, "lag": 0, "done": 0, "failed": 0, "current": {}}
2026-01-18 02:42:16,332 INFO     31 task_executor_9b3e549b8cfd_0 reported heartbeat: {"ip_address": "172.20.0.8", "pid": 31, "name": "task_executor_9b3e549b8cfd_0", "now": "2026-01-18T02:42:16.331+08:00", "boot_at": "2026-01-18T01:45:05.061+08:00", "pending": 0, "lag": 0, "done": 0, "failed": 0, "current": {}}
2026-01-18 02:42:45,360 INFO     31 task_executor_9b3e549b8cfd_0 reported heartbeat: {"ip_address": "172.20.0.8", "pid": 31, "name": "task_executor_9b3e549b8cfd_0", "now": "2026-01-18T02:42:45.360+08:00", "boot_at": "2026-01-18T01:45:05.061+08:00", "pending": 0, "lag": 0, "done": 0, "failed": 0, "current": {}}
2026-01-18 02:43:14,353 INFO     31 task_executor_9b3e549b8cfd_0 reported heartbeat: {"ip_address": "172.20.0.8", "pid": 31, "name": "task_executor_9b3e549b8cfd_0", "now": "2026-01-18T02:43:14.352+08:00", "boot_at": "2026-01-18T01:45:05.061+08:00", "pending": 0, "lag": 0, "done": 0, "failed": 0, "current": {}}
2026-01-18 02:43:43,372 INFO     31 task_executor_9b3e549b8cfd_0 reported heartbeat: {"ip_address": "172.20.0.8", "pid": 31, "name": "task_executor_9b3e549b8cfd_0", "now": "2026-01-18T02:43:43.371+08:00", "boot_at": "2026-01-18T01:45:05.061+08:00", "pending": 0, "lag": 0, "done": 0, "failed": 0, "current": {}}
2026-01-18 02:44:12,390 INFO     31 task_executor_9b3e549b8cfd_0 reported heartbeat: {"ip_address": "172.20.0.8", "pid": 31, "name": "task_executor_9b3e549b8cfd_0", "now": "2026-01-18T02:44:12.389+08:00", "boot_at": "2026-01-18T01:45:05.061+08:00", "pending": 0, "lag": 0, "done": 0, "failed": 0, "current": {}}
2026-01-18 02:44:41,377 INFO     31 task_executor_9b3e549b8cfd_0 reported heartbeat: {"ip_address": "172.20.0.8", "pid": 31, "name": "task_executor_9b3e549b8cfd_0", "now": "2026-01-18T02:44:41.376+08:00", "boot_at": "2026-01-18T01:45:05.061+08:00", "pending": 0, "lag": 0, "done": 0, "failed": 0, "current": {}}
2026-01-18 02:45:10,422 INFO     31 task_executor_9b3e549b8cfd_0 reported heartbeat: {"ip_address": "172.20.0.8", "pid": 31, "name": "task_executor_9b3e549b8cfd_0", "now": "2026-01-18T02:45:10.421+08:00", "boot_at": "2026-01-18T01:45:05.061+08:00", "pending": 0, "lag": 0, "done": 0, "failed": 0, "current": {}}
2026-01-18 02:45:39,436 INFO     31 task_executor_9b3e549b8cfd_0 reported heartbeat: {"ip_address": "172.20.0.8", "pid": 31, "name": "task_executor_9b3e549b8cfd_0", "now": "2026-01-18T02:45:39.435+08:00", "boot_at": "2026-01-18T01:45:05.061+08:00", "pending": 0, "lag": 0, "done": 0, "failed": 0, "current": {}}
2026-01-18 02:46:08,454 INFO     31 task_executor_9b3e549b8cfd_0 reported heartbeat: {"ip_address": "172.20.0.8", "pid": 31, "name": "task_executor_9b3e549b8cfd_0", "now": "2026-01-18T02:46:08.453+08:00", "boot_at": "2026-01-18T01:45:05.061+08:00", "pending": 0, "lag": 0, "done": 0, "failed": 0, "current": {}}
2026-01-18 02:46:37,473 INFO     31 task_executor_9b3e549b8cfd_0 reported heartbeat: {"ip_address": "172.20.0.8", "pid": 31, "name": "task_executor_9b3e549b8cfd_0", "now": "2026-01-18T02:46:37.473+08:00", "boot_at": "2026-01-18T01:45:05.061+08:00", "pending": 0, "lag": 0, "done": 0, "failed": 0, "current": {}}
2026-01-18 02:47:06,448 INFO     31 task_executor_9b3e549b8cfd_0 reported heartbeat: {"ip_address": "172.20.0.8", "pid": 31, "name": "task_executor_9b3e549b8cfd_0", "now": "2026-01-18T02:47:06.447+08:00", "boot_at": "2026-01-18T01:45:05.061+08:00", "pending": 0, "lag": 0, "done": 0, "failed": 0, "current": {}}
2026-01-18 02:47:35,465 INFO     31 task_executor_9b3e549b8cfd_0 reported heartbeat: {"ip_address": "172.20.0.8", "pid": 31, "name": "task_executor_9b3e549b8cfd_0", "now": "2026-01-18T02:47:35.464+08:00", "boot_at": "2026-01-18T01:45:05.061+08:00", "pending": 0, "lag": 0, "done": 0, "failed": 0, "current": {}}
2026-01-18 02:48:04,475 INFO     31 task_executor_9b3e549b8cfd_0 reported heartbeat: {"ip_address": "172.20.0.8", "pid": 31, "name": "task_executor_9b3e549b8cfd_0", "now": "2026-01-18T02:48:04.474+08:00", "boot_at": "2026-01-18T01:45:05.061+08:00", "pending": 0, "lag": 0, "done": 0, "failed": 0, "current": {}}
2026-01-18 02:48:33,488 INFO     31 task_executor_9b3e549b8cfd_0 reported heartbeat: {"ip_address": "172.20.0.8", "pid": 31, "name": "task_executor_9b3e549b8cfd_0", "now": "2026-01-18T02:48:33.487+08:00", "boot_at": "2026-01-18T01:45:05.061+08:00", "pending": 0, "lag": 0, "done": 0, "failed": 0, "current": {}}
2026-01-18 02:49:02,500 INFO     31 task_executor_9b3e549b8cfd_0 reported heartbeat: {"ip_address": "172.20.0.8", "pid": 31, "name": "task_executor_9b3e549b8cfd_0", "now": "2026-01-18T02:49:02.499+08:00", "boot_at": "2026-01-18T01:45:05.061+08:00", "pending": 0, "lag": 0, "done": 0, "failed": 0, "current": {}}
2026-01-18 02:49:31,465 INFO     31 task_executor_9b3e549b8cfd_0 reported heartbeat: {"ip_address": "172.20.0.8", "pid": 31, "name": "task_executor_9b3e549b8cfd_0", "now": "2026-01-18T02:49:31.464+08:00", "boot_at": "2026-01-18T01:45:05.061+08:00", "pending": 0, "lag": 0, "done": 0, "failed": 0, "current": {}}
2026-01-18 02:50:00,477 INFO     31 task_executor_9b3e549b8cfd_0 reported heartbeat: {"ip_address": "172.20.0.8", "pid": 31, "name": "task_executor_9b3e549b8cfd_0", "now": "2026-01-18T02:50:00.476+08:00", "boot_at": "2026-01-18T01:45:05.061+08:00", "pending": 0, "lag": 0, "done": 0, "failed": 0, "current": {}}
2026-01-18 02:50:29,484 INFO     31 task_executor_9b3e549b8cfd_0 reported heartbeat: {"ip_address": "172.20.0.8", "pid": 31, "name": "task_executor_9b3e549b8cfd_0", "now": "2026-01-18T02:50:29.483+08:00", "boot_at": "2026-01-18T01:45:05.061+08:00", "pending": 0, "lag": 0, "done": 0, "failed": 0, "current": {}}
2026-01-18 02:50:58,493 INFO     31 task_executor_9b3e549b8cfd_0 reported heartbeat: {"ip_address": "172.20.0.8", "pid": 31, "name": "task_executor_9b3e549b8cfd_0", "now": "2026-01-18T02:50:58.492+08:00", "boot_at": "2026-01-18T01:45:05.061+08:00", "pending": 0, "lag": 0, "done": 0, "failed": 0, "current": {}}
2026-01-18 02:51:27,499 INFO     31 task_executor_9b3e549b8cfd_0 reported heartbeat: {"ip_address": "172.20.0.8", "pid": 31, "name": "task_executor_9b3e549b8cfd_0", "now": "2026-01-18T02:51:27.498+08:00", "boot_at": "2026-01-18T01:45:05.061+08:00", "pending": 0, "lag": 0, "done": 0, "failed": 0, "current": {}}
2026-01-18 02:51:56,458 INFO     31 task_executor_9b3e549b8cfd_0 reported heartbeat: {"ip_address": "172.20.0.8", "pid": 31, "name": "task_executor_9b3e549b8cfd_0", "now": "2026-01-18T02:51:56.457+08:00", "boot_at": "2026-01-18T01:45:05.061+08:00", "pending": 0, "lag": 0, "done": 0, "failed": 0, "current": {}}
2026-01-18 02:52:25,467 INFO     31 task_executor_9b3e549b8cfd_0 reported heartbeat: {"ip_address": "172.20.0.8", "pid": 31, "name": "task_executor_9b3e549b8cfd_0", "now": "2026-01-18T02:52:25.465+08:00", "boot_at": "2026-01-18T01:45:05.061+08:00", "pending": 0, "lag": 0, "done": 0, "failed": 0, "current": {}}
2026-01-18 02:52:54,473 INFO     31 task_executor_9b3e549b8cfd_0 reported heartbeat: {"ip_address": "172.20.0.8", "pid": 31, "name": "task_executor_9b3e549b8cfd_0", "now": "2026-01-18T02:52:54.472+08:00", "boot_at": "2026-01-18T01:45:05.061+08:00", "pending": 0, "lag": 0, "done": 0, "failed": 0, "current": {}}
2026-01-18 02:53:23,460 INFO     31 task_executor_9b3e549b8cfd_0 reported heartbeat: {"ip_address": "172.20.0.8", "pid": 31, "name": "task_executor_9b3e549b8cfd_0", "now": "2026-01-18T02:53:23.458+08:00", "boot_at": "2026-01-18T01:45:05.061+08:00", "pending": 0, "lag": 0, "done": 0, "failed": 0, "current": {}}
2026-01-18 02:53:52,459 INFO     31 task_executor_9b3e549b8cfd_0 reported heartbeat: {"ip_address": "172.20.0.8", "pid": 31, "name": "task_executor_9b3e549b8cfd_0", "now": "2026-01-18T02:53:52.458+08:00", "boot_at": "2026-01-18T01:45:05.061+08:00", "pending": 0, "lag": 0, "done": 0, "failed": 0, "current": {}}
2026-01-18 02:54:21,433 INFO     31 task_executor_9b3e549b8cfd_0 reported heartbeat: {"ip_address": "172.20.0.8", "pid": 31, "name": "task_executor_9b3e549b8cfd_0", "now": "2026-01-18T02:54:21.432+08:00", "boot_at": "2026-01-18T01:45:05.061+08:00", "pending": 0, "lag": 0, "done": 0, "failed": 0, "current": {}}
2026-01-18 02:54:50,433 INFO     31 task_executor_9b3e549b8cfd_0 reported heartbeat: {"ip_address": "172.20.0.8", "pid": 31, "name": "task_executor_9b3e549b8cfd_0", "now": "2026-01-18T02:54:50.432+08:00", "boot_at": "2026-01-18T01:45:05.061+08:00", "pending": 0, "lag": 0, "done": 0, "failed": 0, "current": {}}
2026-01-18 02:55:19,453 INFO     31 task_executor_9b3e549b8cfd_0 reported heartbeat: {"ip_address": "172.20.0.8", "pid": 31, "name": "task_executor_9b3e549b8cfd_0", "now": "2026-01-18T02:55:19.452+08:00", "boot_at": "2026-01-18T01:45:05.061+08:00", "pending": 0, "lag": 0, "done": 0, "failed": 0, "current": {}}
2026-01-18 02:55:48,443 INFO     31 task_executor_9b3e549b8cfd_0 reported heartbeat: {"ip_address": "172.20.0.8", "pid": 31, "name": "task_executor_9b3e549b8cfd_0", "now": "2026-01-18T02:55:48.442+08:00", "boot_at": "2026-01-18T01:45:05.061+08:00", "pending": 0, "lag": 0, "done": 0, "failed": 0, "current": {}}
2026-01-18 02:56:17,446 INFO     31 task_executor_9b3e549b8cfd_0 reported heartbeat: {"ip_address": "172.20.0.8", "pid": 31, "name": "task_executor_9b3e549b8cfd_0", "now": "2026-01-18T02:56:17.445+08:00", "boot_at": "2026-01-18T01:45:05.061+08:00", "pending": 0, "lag": 0, "done": 0, "failed": 0, "current": {}}
2026-01-18 02:56:46,430 INFO     31 task_executor_9b3e549b8cfd_0 reported heartbeat: {"ip_address": "172.20.0.8", "pid": 31, "name": "task_executor_9b3e549b8cfd_0", "now": "2026-01-18T02:56:46.429+08:00", "boot_at": "2026-01-18T01:45:05.061+08:00", "pending": 0, "lag": 0, "done": 0, "failed": 0, "current": {}}
2026-01-18 02:57:15,411 INFO     31 task_executor_9b3e549b8cfd_0 reported heartbeat: {"ip_address": "172.20.0.8", "pid": 31, "name": "task_executor_9b3e549b8cfd_0", "now": "2026-01-18T02:57:15.410+08:00", "boot_at": "2026-01-18T01:45:05.061+08:00", "pending": 0, "lag": 0, "done": 0, "failed": 0, "current": {}}
2026-01-18 02:57:44,429 INFO     31 task_executor_9b3e549b8cfd_0 reported heartbeat: {"ip_address": "172.20.0.8", "pid": 31, "name": "task_executor_9b3e549b8cfd_0", "now": "2026-01-18T02:57:44.428+08:00", "boot_at": "2026-01-18T01:45:05.061+08:00", "pending": 0, "lag": 0, "done": 0, "failed": 0, "current": {}}
2026-01-18 02:58:13,423 INFO     31 task_executor_9b3e549b8cfd_0 reported heartbeat: {"ip_address": "172.20.0.8", "pid": 31, "name": "task_executor_9b3e549b8cfd_0", "now": "2026-01-18T02:58:13.422+08:00", "boot_at": "2026-01-18T01:45:05.061+08:00", "pending": 0, "lag": 0, "done": 0, "failed": 0, "current": {}}
2026-01-18 02:58:42,412 INFO     31 task_executor_9b3e549b8cfd_0 reported heartbeat: {"ip_address": "172.20.0.8", "pid": 31, "name": "task_executor_9b3e549b8cfd_0", "now": "2026-01-18T02:58:42.411+08:00", "boot_at": "2026-01-18T01:45:05.061+08:00", "pending": 0, "lag": 0, "done": 0, "failed": 0, "current": {}}
2026-01-18 02:59:11,402 INFO     31 task_executor_9b3e549b8cfd_0 reported heartbeat: {"ip_address": "172.20.0.8", "pid": 31, "name": "task_executor_9b3e549b8cfd_0", "now": "2026-01-18T02:59:11.400+08:00", "boot_at": "2026-01-18T01:45:05.061+08:00", "pending": 0, "lag": 0, "done": 0, "failed": 0, "current": {}}
2026-01-18 02:59:40,379 INFO     31 task_executor_9b3e549b8cfd_0 reported heartbeat: {"ip_address": "172.20.0.8", "pid": 31, "name": "task_executor_9b3e549b8cfd_0", "now": "2026-01-18T02:59:40.378+08:00", "boot_at": "2026-01-18T01:45:05.061+08:00", "pending": 0, "lag": 0, "done": 0, "failed": 0, "current": {}}
2026-01-18 03:00:09,393 INFO     31 task_executor_9b3e549b8cfd_0 reported heartbeat: {"ip_address": "172.20.0.8", "pid": 31, "name": "task_executor_9b3e549b8cfd_0", "now": "2026-01-18T03:00:09.392+08:00", "boot_at": "2026-01-18T01:45:05.061+08:00", "pending": 0, "lag": 0, "done": 0, "failed": 0, "current": {}}
2026-01-18 03:00:38,380 INFO     31 task_executor_9b3e549b8cfd_0 reported heartbeat: {"ip_address": "172.20.0.8", "pid": 31, "name": "task_executor_9b3e549b8cfd_0", "now": "2026-01-18T03:00:38.379+08:00", "boot_at": "2026-01-18T01:45:05.061+08:00", "pending": 0, "lag": 0, "done": 0, "failed": 0, "current": {}}
2026-01-18 03:01:07,376 INFO     31 task_executor_9b3e549b8cfd_0 reported heartbeat: {"ip_address": "172.20.0.8", "pid": 31, "name": "task_executor_9b3e549b8cfd_0", "now": "2026-01-18T03:01:07.375+08:00", "boot_at": "2026-01-18T01:45:05.061+08:00", "pending": 0, "lag": 0, "done": 0, "failed": 0, "current": {}}
2026-01-18 03:01:36,374 INFO     31 task_executor_9b3e549b8cfd_0 reported heartbeat: {"ip_address": "172.20.0.8", "pid": 31, "name": "task_executor_9b3e549b8cfd_0", "now": "2026-01-18T03:01:36.373+08:00", "boot_at": "2026-01-18T01:45:05.061+08:00", "pending": 0, "lag": 0, "done": 0, "failed": 0, "current": {}}
2026-01-18 03:02:05,368 INFO     31 task_executor_9b3e549b8cfd_0 reported heartbeat: {"ip_address": "172.20.0.8", "pid": 31, "name": "task_executor_9b3e549b8cfd_0", "now": "2026-01-18T03:02:05.367+08:00", "boot_at": "2026-01-18T01:45:05.061+08:00", "pending": 0, "lag": 0, "done": 0, "failed": 0, "current": {}}
2026-01-18 03:02:34,365 INFO     31 task_executor_9b3e549b8cfd_0 reported heartbeat: {"ip_address": "172.20.0.8", "pid": 31, "name": "task_executor_9b3e549b8cfd_0", "now": "2026-01-18T03:02:34.362+08:00", "boot_at": "2026-01-18T01:45:05.061+08:00", "pending": 0, "lag": 0, "done": 0, "failed": 0, "current": {}}
2026-01-18 03:03:03,355 INFO     31 task_executor_9b3e549b8cfd_0 reported heartbeat: {"ip_address": "172.20.0.8", "pid": 31, "name": "task_executor_9b3e549b8cfd_0", "now": "2026-01-18T03:03:03.354+08:00", "boot_at": "2026-01-18T01:45:05.061+08:00", "pending": 0, "lag": 0, "done": 0, "failed": 0, "current": {}}
2026-01-18 03:03:32,336 INFO     31 task_executor_9b3e549b8cfd_0 reported heartbeat: {"ip_address": "172.20.0.8", "pid": 31, "name": "task_executor_9b3e549b8cfd_0", "now": "2026-01-18T03:03:32.335+08:00", "boot_at": "2026-01-18T01:45:05.061+08:00", "pending": 0, "lag": 0, "done": 0, "failed": 0, "current": {}}
2026-01-18 03:04:01,337 INFO     31 task_executor_9b3e549b8cfd_0 reported heartbeat: {"ip_address": "172.20.0.8", "pid": 31, "name": "task_executor_9b3e549b8cfd_0", "now": "2026-01-18T03:04:01.336+08:00", "boot_at": "2026-01-18T01:45:05.061+08:00", "pending": 0, "lag": 0, "done": 0, "failed": 0, "current": {}}
2026-01-18 03:04:30,327 INFO     31 task_executor_9b3e549b8cfd_0 reported heartbeat: {"ip_address": "172.20.0.8", "pid": 31, "name": "task_executor_9b3e549b8cfd_0", "now": "2026-01-18T03:04:30.326+08:00", "boot_at": "2026-01-18T01:45:05.061+08:00", "pending": 0, "lag": 0, "done": 0, "failed": 0, "current": {}}
2026-01-18 03:04:59,317 INFO     31 task_executor_9b3e549b8cfd_0 reported heartbeat: {"ip_address": "172.20.0.8", "pid": 31, "name": "task_executor_9b3e549b8cfd_0", "now": "2026-01-18T03:04:59.316+08:00", "boot_at": "2026-01-18T01:45:05.061+08:00", "pending": 0, "lag": 0, "done": 0, "failed": 0, "current": {}}
2026-01-18 03:05:28,294 INFO     31 task_executor_9b3e549b8cfd_0 reported heartbeat: {"ip_address": "172.20.0.8", "pid": 31, "name": "task_executor_9b3e549b8cfd_0", "now": "2026-01-18T03:05:28.294+08:00", "boot_at": "2026-01-18T01:45:05.061+08:00", "pending": 0, "lag": 0, "done": 0, "failed": 0, "current": {}}
2026-01-18 03:05:57,274 INFO     31 task_executor_9b3e549b8cfd_0 reported heartbeat: {"ip_address": "172.20.0.8", "pid": 31, "name": "task_executor_9b3e549b8cfd_0", "now": "2026-01-18T03:05:57.273+08:00", "boot_at": "2026-01-18T01:45:05.061+08:00", "pending": 0, "lag": 0, "done": 0, "failed": 0, "current": {}}
2026-01-18 03:06:26,269 INFO     31 task_executor_9b3e549b8cfd_0 reported heartbeat: {"ip_address": "172.20.0.8", "pid": 31, "name": "task_executor_9b3e549b8cfd_0", "now": "2026-01-18T03:06:26.268+08:00", "boot_at": "2026-01-18T01:45:05.061+08:00", "pending": 0, "lag": 0, "done": 0, "failed": 0, "current": {}}
2026-01-18 03:06:55,259 INFO     31 task_executor_9b3e549b8cfd_0 reported heartbeat: {"ip_address": "172.20.0.8", "pid": 31, "name": "task_executor_9b3e549b8cfd_0", "now": "2026-01-18T03:06:55.258+08:00", "boot_at": "2026-01-18T01:45:05.061+08:00", "pending": 0, "lag": 0, "done": 0, "failed": 0, "current": {}}
2026-01-18 03:07:24,244 INFO     31 task_executor_9b3e549b8cfd_0 reported heartbeat: {"ip_address": "172.20.0.8", "pid": 31, "name": "task_executor_9b3e549b8cfd_0", "now": "2026-01-18T03:07:24.242+08:00", "boot_at": "2026-01-18T01:45:05.061+08:00", "pending": 0, "lag": 0, "done": 0, "failed": 0, "current": {}}
2026-01-18 03:07:53,214 INFO     31 task_executor_9b3e549b8cfd_0 reported heartbeat: {"ip_address": "172.20.0.8", "pid": 31, "name": "task_executor_9b3e549b8cfd_0", "now": "2026-01-18T03:07:53.214+08:00", "boot_at": "2026-01-18T01:45:05.061+08:00", "pending": 0, "lag": 0, "done": 0, "failed": 0, "current": {}}
2026-01-18 03:08:22,188 INFO     31 task_executor_9b3e549b8cfd_0 reported heartbeat: {"ip_address": "172.20.0.8", "pid": 31, "name": "task_executor_9b3e549b8cfd_0", "now": "2026-01-18T03:08:22.187+08:00", "boot_at": "2026-01-18T01:45:05.061+08:00", "pending": 0, "lag": 0, "done": 0, "failed": 0, "current": {}}
2026-01-18 03:08:51,187 INFO     31 task_executor_9b3e549b8cfd_0 reported heartbeat: {"ip_address": "172.20.0.8", "pid": 31, "name": "task_executor_9b3e549b8cfd_0", "now": "2026-01-18T03:08:51.187+08:00", "boot_at": "2026-01-18T01:45:05.061+08:00", "pending": 0, "lag": 0, "done": 0, "failed": 0, "current": {}}
2026-01-18 03:09:20,157 INFO     31 task_executor_9b3e549b8cfd_0 reported heartbeat: {"ip_address": "172.20.0.8", "pid": 31, "name": "task_executor_9b3e549b8cfd_0", "now": "2026-01-18T03:09:20.156+08:00", "boot_at": "2026-01-18T01:45:05.061+08:00", "pending": 0, "lag": 0, "done": 0, "failed": 0, "current": {}}
2026-01-18 03:09:49,143 INFO     31 task_executor_9b3e549b8cfd_0 reported heartbeat: {"ip_address": "172.20.0.8", "pid": 31, "name": "task_executor_9b3e549b8cfd_0", "now": "2026-01-18T03:09:49.142+08:00", "boot_at": "2026-01-18T01:45:05.061+08:00", "pending": 0, "lag": 0, "done": 0, "failed": 0, "current": {}}
2026-01-18 03:10:18,107 INFO     31 task_executor_9b3e549b8cfd_0 reported heartbeat: {"ip_address": "172.20.0.8", "pid": 31, "name": "task_executor_9b3e549b8cfd_0", "now": "2026-01-18T03:10:18.106+08:00", "boot_at": "2026-01-18T01:45:05.061+08:00", "pending": 0, "lag": 0, "done": 0, "failed": 0, "current": {}}
2026-01-18 03:10:47,087 INFO     31 task_executor_9b3e549b8cfd_0 reported heartbeat: {"ip_address": "172.20.0.8", "pid": 31, "name": "task_executor_9b3e549b8cfd_0", "now": "2026-01-18T03:10:47.087+08:00", "boot_at": "2026-01-18T01:45:05.061+08:00", "pending": 0, "lag": 0, "done": 0, "failed": 0, "current": {}}
2026-01-18 03:11:16,075 INFO     31 task_executor_9b3e549b8cfd_0 reported heartbeat: {"ip_address": "172.20.0.8", "pid": 31, "name": "task_executor_9b3e549b8cfd_0", "now": "2026-01-18T03:11:16.074+08:00", "boot_at": "2026-01-18T01:45:05.061+08:00", "pending": 0, "lag": 0, "done": 0, "failed": 0, "current": {}}
2026-01-18 03:11:45,039 INFO     31 task_executor_9b3e549b8cfd_0 reported heartbeat: {"ip_address": "172.20.0.8", "pid": 31, "name": "task_executor_9b3e549b8cfd_0", "now": "2026-01-18T03:11:45.038+08:00", "boot_at": "2026-01-18T01:45:05.061+08:00", "pending": 0, "lag": 0, "done": 0, "failed": 0, "current": {}}
2026-01-18 03:12:14,025 INFO     31 task_executor_9b3e549b8cfd_0 reported heartbeat: {"ip_address": "172.20.0.8", "pid": 31, "name": "task_executor_9b3e549b8cfd_0", "now": "2026-01-18T03:12:14.024+08:00", "boot_at": "2026-01-18T01:45:05.061+08:00", "pending": 0, "lag": 0, "done": 0, "failed": 0, "current": {}}
2026-01-18 03:12:42,990 INFO     31 task_executor_9b3e549b8cfd_0 reported heartbeat: {"ip_address": "172.20.0.8", "pid": 31, "name": "task_executor_9b3e549b8cfd_0", "now": "2026-01-18T03:12:42.989+08:00", "boot_at": "2026-01-18T01:45:05.061+08:00", "pending": 0, "lag": 0, "done": 0, "failed": 0, "current": {}}
2026-01-18 03:13:11,973 INFO     31 task_executor_9b3e549b8cfd_0 reported heartbeat: {"ip_address": "172.20.0.8", "pid": 31, "name": "task_executor_9b3e549b8cfd_0", "now": "2026-01-18T03:13:11.972+08:00", "boot_at": "2026-01-18T01:45:05.061+08:00", "pending": 0, "lag": 0, "done": 0, "failed": 0, "current": {}}
2026-01-18 03:13:40,959 INFO     31 task_executor_9b3e549b8cfd_0 reported heartbeat: {"ip_address": "172.20.0.8", "pid": 31, "name": "task_executor_9b3e549b8cfd_0", "now": "2026-01-18T03:13:40.958+08:00", "boot_at": "2026-01-18T01:45:05.061+08:00", "pending": 0, "lag": 0, "done": 0, "failed": 0, "current": {}}
2026-01-18 03:14:09,923 INFO     31 task_executor_9b3e549b8cfd_0 reported heartbeat: {"ip_address": "172.20.0.8", "pid": 31, "name": "task_executor_9b3e549b8cfd_0", "now": "2026-01-18T03:14:09.922+08:00", "boot_at": "2026-01-18T01:45:05.061+08:00", "pending": 0, "lag": 0, "done": 0, "failed": 0, "current": {}}
2026-01-18 03:14:38,908 INFO     31 task_executor_9b3e549b8cfd_0 reported heartbeat: {"ip_address": "172.20.0.8", "pid": 31, "name": "task_executor_9b3e549b8cfd_0", "now": "2026-01-18T03:14:38.907+08:00", "boot_at": "2026-01-18T01:45:05.061+08:00", "pending": 0, "lag": 0, "done": 0, "failed": 0, "current": {}}
2026-01-18 03:15:07,863 INFO     31 task_executor_9b3e549b8cfd_0 reported heartbeat: {"ip_address": "172.20.0.8", "pid": 31, "name": "task_executor_9b3e549b8cfd_0", "now": "2026-01-18T03:15:07.862+08:00", "boot_at": "2026-01-18T01:45:05.061+08:00", "pending": 0, "lag": 0, "done": 0, "failed": 0, "current": {}}
2026-01-18 03:15:36,846 INFO     31 task_executor_9b3e549b8cfd_0 reported heartbeat: {"ip_address": "172.20.0.8", "pid": 31, "name": "task_executor_9b3e549b8cfd_0", "now": "2026-01-18T03:15:36.845+08:00", "boot_at": "2026-01-18T01:45:05.061+08:00", "pending": 0, "lag": 0, "done": 0, "failed": 0, "current": {}}
2026-01-18 03:16:05,825 INFO     31 task_executor_9b3e549b8cfd_0 reported heartbeat: {"ip_address": "172.20.0.8", "pid": 31, "name": "task_executor_9b3e549b8cfd_0", "now": "2026-01-18T03:16:05.824+08:00", "boot_at": "2026-01-18T01:45:05.061+08:00", "pending": 0, "lag": 0, "done": 0, "failed": 0, "current": {}}
2026-01-18 03:16:34,800 INFO     31 task_executor_9b3e549b8cfd_0 reported heartbeat: {"ip_address": "172.20.0.8", "pid": 31, "name": "task_executor_9b3e549b8cfd_0", "now": "2026-01-18T03:16:34.799+08:00", "boot_at": "2026-01-18T01:45:05.061+08:00", "pending": 0, "lag": 0, "done": 0, "failed": 0, "current": {}}
2026-01-18 03:17:03,832 INFO     31 task_executor_9b3e549b8cfd_0 reported heartbeat: {"ip_address": "172.20.0.8", "pid": 31, "name": "task_executor_9b3e549b8cfd_0", "now": "2026-01-18T03:17:03.831+08:00", "boot_at": "2026-01-18T01:45:05.061+08:00", "pending": 0, "lag": 0, "done": 0, "failed": 0, "current": {}}
2026-01-18 03:17:32,798 INFO     31 task_executor_9b3e549b8cfd_0 reported heartbeat: {"ip_address": "172.20.0.8", "pid": 31, "name": "task_executor_9b3e549b8cfd_0", "now": "2026-01-18T03:17:32.797+08:00", "boot_at": "2026-01-18T01:45:05.061+08:00", "pending": 0, "lag": 0, "done": 0, "failed": 0, "current": {}}
2026-01-18 03:18:01,785 INFO     31 task_executor_9b3e549b8cfd_0 reported heartbeat: {"ip_address": "172.20.0.8", "pid": 31, "name": "task_executor_9b3e549b8cfd_0", "now": "2026-01-18T03:18:01.784+08:00", "boot_at": "2026-01-18T01:45:05.061+08:00", "pending": 0, "lag": 0, "done": 0, "failed": 0, "current": {}}
2026-01-18 03:18:30,763 INFO     31 task_executor_9b3e549b8cfd_0 reported heartbeat: {"ip_address": "172.20.0.8", "pid": 31, "name": "task_executor_9b3e549b8cfd_0", "now": "2026-01-18T03:18:30.762+08:00", "boot_at": "2026-01-18T01:45:05.061+08:00", "pending": 0, "lag": 0, "done": 0, "failed": 0, "current": {}}
2026-01-18 03:18:59,722 INFO     31 task_executor_9b3e549b8cfd_0 reported heartbeat: {"ip_address": "172.20.0.8", "pid": 31, "name": "task_executor_9b3e549b8cfd_0", "now": "2026-01-18T03:18:59.721+08:00", "boot_at": "2026-01-18T01:45:05.061+08:00", "pending": 0, "lag": 0, "done": 0, "failed": 0, "current": {}}
2026-01-18 03:19:28,711 INFO     31 task_executor_9b3e549b8cfd_0 reported heartbeat: {"ip_address": "172.20.0.8", "pid": 31, "name": "task_executor_9b3e549b8cfd_0", "now": "2026-01-18T03:19:28.711+08:00", "boot_at": "2026-01-18T01:45:05.061+08:00", "pending": 0, "lag": 0, "done": 0, "failed": 0, "current": {}}
2026-01-18 03:19:57,667 INFO     31 task_executor_9b3e549b8cfd_0 reported heartbeat: {"ip_address": "172.20.0.8", "pid": 31, "name": "task_executor_9b3e549b8cfd_0", "now": "2026-01-18T03:19:57.666+08:00", "boot_at": "2026-01-18T01:45:05.061+08:00", "pending": 0, "lag": 0, "done": 0, "failed": 0, "current": {}}
2026-01-18 03:20:26,641 INFO     31 task_executor_9b3e549b8cfd_0 reported heartbeat: {"ip_address": "172.20.0.8", "pid": 31, "name": "task_executor_9b3e549b8cfd_0", "now": "2026-01-18T03:20:26.640+08:00", "boot_at": "2026-01-18T01:45:05.061+08:00", "pending": 0, "lag": 0, "done": 0, "failed": 0, "current": {}}
2026-01-18 03:20:55,616 INFO     31 task_executor_9b3e549b8cfd_0 reported heartbeat: {"ip_address": "172.20.0.8", "pid": 31, "name": "task_executor_9b3e549b8cfd_0", "now": "2026-01-18T03:20:55.615+08:00", "boot_at": "2026-01-18T01:45:05.061+08:00", "pending": 0, "lag": 0, "done": 0, "failed": 0, "current": {}}
2026-01-18 03:21:24,575 INFO     31 task_executor_9b3e549b8cfd_0 reported heartbeat: {"ip_address": "172.20.0.8", "pid": 31, "name": "task_executor_9b3e549b8cfd_0", "now": "2026-01-18T03:21:24.574+08:00", "boot_at": "2026-01-18T01:45:05.061+08:00", "pending": 0, "lag": 0, "done": 0, "failed": 0, "current": {}}
2026-01-18 03:21:53,550 INFO     31 task_executor_9b3e549b8cfd_0 reported heartbeat: {"ip_address": "172.20.0.8", "pid": 31, "name": "task_executor_9b3e549b8cfd_0", "now": "2026-01-18T03:21:53.549+08:00", "boot_at": "2026-01-18T01:45:05.061+08:00", "pending": 0, "lag": 0, "done": 0, "failed": 0, "current": {}}
2026-01-18 03:22:22,503 INFO     31 task_executor_9b3e549b8cfd_0 reported heartbeat: {"ip_address": "172.20.0.8", "pid": 31, "name": "task_executor_9b3e549b8cfd_0", "now": "2026-01-18T03:22:22.502+08:00", "boot_at": "2026-01-18T01:45:05.061+08:00", "pending": 0, "lag": 0, "done": 0, "failed": 0, "current": {}}
2026-01-18 03:22:51,472 INFO     31 task_executor_9b3e549b8cfd_0 reported heartbeat: {"ip_address": "172.20.0.8", "pid": 31, "name": "task_executor_9b3e549b8cfd_0", "now": "2026-01-18T03:22:51.471+08:00", "boot_at": "2026-01-18T01:45:05.061+08:00", "pending": 0, "lag": 0, "done": 0, "failed": 0, "current": {}}
2026-01-18 03:23:20,441 INFO     31 task_executor_9b3e549b8cfd_0 reported heartbeat: {"ip_address": "172.20.0.8", "pid": 31, "name": "task_executor_9b3e549b8cfd_0", "now": "2026-01-18T03:23:20.440+08:00", "boot_at": "2026-01-18T01:45:05.061+08:00", "pending": 0, "lag": 0, "done": 0, "failed": 0, "current": {}}
2026-01-18 03:23:49,408 INFO     31 task_executor_9b3e549b8cfd_0 reported heartbeat: {"ip_address": "172.20.0.8", "pid": 31, "name": "task_executor_9b3e549b8cfd_0", "now": "2026-01-18T03:23:49.407+08:00", "boot_at": "2026-01-18T01:45:05.061+08:00", "pending": 0, "lag": 0, "done": 0, "failed": 0, "current": {}}
2026-01-18 03:24:18,368 INFO     31 task_executor_9b3e549b8cfd_0 reported heartbeat: {"ip_address": "172.20.0.8", "pid": 31, "name": "task_executor_9b3e549b8cfd_0", "now": "2026-01-18T03:24:18.367+08:00", "boot_at": "2026-01-18T01:45:05.061+08:00", "pending": 0, "lag": 0, "done": 0, "failed": 0, "current": {}}
2026-01-18 03:24:47,326 INFO     31 task_executor_9b3e549b8cfd_0 reported heartbeat: {"ip_address": "172.20.0.8", "pid": 31, "name": "task_executor_9b3e549b8cfd_0", "now": "2026-01-18T03:24:47.325+08:00", "boot_at": "2026-01-18T01:45:05.061+08:00", "pending": 0, "lag": 0, "done": 0, "failed": 0, "current": {}}
2026-01-18 03:25:16,292 INFO     31 task_executor_9b3e549b8cfd_0 reported heartbeat: {"ip_address": "172.20.0.8", "pid": 31, "name": "task_executor_9b3e549b8cfd_0", "now": "2026-01-18T03:25:16.291+08:00", "boot_at": "2026-01-18T01:45:05.061+08:00", "pending": 0, "lag": 0, "done": 0, "failed": 0, "current": {}}
2026-01-18 03:25:45,266 INFO     31 task_executor_9b3e549b8cfd_0 reported heartbeat: {"ip_address": "172.20.0.8", "pid": 31, "name": "task_executor_9b3e549b8cfd_0", "now": "2026-01-18T03:25:45.265+08:00", "boot_at": "2026-01-18T01:45:05.061+08:00", "pending": 0, "lag": 0, "done": 0, "failed": 0, "current": {}}
2026-01-18 03:26:14,219 INFO     31 task_executor_9b3e549b8cfd_0 reported heartbeat: {"ip_address": "172.20.0.8", "pid": 31, "name": "task_executor_9b3e549b8cfd_0", "now": "2026-01-18T03:26:14.218+08:00", "boot_at": "2026-01-18T01:45:05.061+08:00", "pending": 0, "lag": 0, "done": 0, "failed": 0, "current": {}}
2026-01-18 03:26:43,196 INFO     31 task_executor_9b3e549b8cfd_0 reported heartbeat: {"ip_address": "172.20.0.8", "pid": 31, "name": "task_executor_9b3e549b8cfd_0", "now": "2026-01-18T03:26:43.196+08:00", "boot_at": "2026-01-18T01:45:05.061+08:00", "pending": 0, "lag": 0, "done": 0, "failed": 0, "current": {}}
2026-01-18 03:27:12,141 INFO     31 task_executor_9b3e549b8cfd_0 reported heartbeat: {"ip_address": "172.20.0.8", "pid": 31, "name": "task_executor_9b3e549b8cfd_0", "now": "2026-01-18T03:27:12.141+08:00", "boot_at": "2026-01-18T01:45:05.061+08:00", "pending": 0, "lag": 0, "done": 0, "failed": 0, "current": {}}
2026-01-18 03:27:41,103 INFO     31 task_executor_9b3e549b8cfd_0 reported heartbeat: {"ip_address": "172.20.0.8", "pid": 31, "name": "task_executor_9b3e549b8cfd_0", "now": "2026-01-18T03:27:41.102+08:00", "boot_at": "2026-01-18T01:45:05.061+08:00", "pending": 0, "lag": 0, "done": 0, "failed": 0, "current": {}}
2026-01-18 03:28:10,069 INFO     31 task_executor_9b3e549b8cfd_0 reported heartbeat: {"ip_address": "172.20.0.8", "pid": 31, "name": "task_executor_9b3e549b8cfd_0", "now": "2026-01-18T03:28:10.068+08:00", "boot_at": "2026-01-18T01:45:05.061+08:00", "pending": 0, "lag": 0, "done": 0, "failed": 0, "current": {}}
2026-01-18 03:28:39,021 INFO     31 task_executor_9b3e549b8cfd_0 reported heartbeat: {"ip_address": "172.20.0.8", "pid": 31, "name": "task_executor_9b3e549b8cfd_0", "now": "2026-01-18T03:28:39.020+08:00", "boot_at": "2026-01-18T01:45:05.061+08:00", "pending": 0, "lag": 0, "done": 0, "failed": 0, "current": {}}
2026-01-18 03:29:07,983 INFO     31 task_executor_9b3e549b8cfd_0 reported heartbeat: {"ip_address": "172.20.0.8", "pid": 31, "name": "task_executor_9b3e549b8cfd_0", "now": "2026-01-18T03:29:07.983+08:00", "boot_at": "2026-01-18T01:45:05.061+08:00", "pending": 0, "lag": 0, "done": 0, "failed": 0, "current": {}}
2026-01-18 03:29:36,941 INFO     31 task_executor_9b3e549b8cfd_0 reported heartbeat: {"ip_address": "172.20.0.8", "pid": 31, "name": "task_executor_9b3e549b8cfd_0", "now": "2026-01-18T03:29:36.940+08:00", "boot_at": "2026-01-18T01:45:05.061+08:00", "pending": 0, "lag": 0, "done": 0, "failed": 0, "current": {}}
2026-01-18 03:30:06,022 INFO     31 task_executor_9b3e549b8cfd_0 reported heartbeat: {"ip_address": "172.20.0.8", "pid": 31, "name": "task_executor_9b3e549b8cfd_0", "now": "2026-01-18T03:30:06.021+08:00", "boot_at": "2026-01-18T01:45:05.061+08:00", "pending": 0, "lag": 0, "done": 0, "failed": 0, "current": {}}
2026-01-18 03:30:30,831 ERROR    31 RedisDB.queue_consumer rag_flow_svr_queue_1 got exception: Error 111 connecting to redis:6379. Connection refused.
Traceback (most recent call last):
  File "/ragflow/rag/svr/task_executor.py", line 176, in collect
    redis_msg = next(UNACKED_ITERATOR)
                ^^^^^^^^^^^^^^^^^^^^^^
StopIteration

During handling of the above exception, another exception occurred:

Traceback (most recent call last):
  File "/ragflow/.venv/lib/python3.12/site-packages/valkey/connection.py", line 1116, in get_connection
    if connection.can_read() and connection.client_cache is None:
       ^^^^^^^^^^^^^^^^^^^^^
  File "/ragflow/.venv/lib/python3.12/site-packages/valkey/connection.py", line 524, in can_read
    return self._parser.can_read(timeout)
           ^^^^^^^^^^^^^^^^^^^^^^^^^^^^^^
  File "/ragflow/.venv/lib/python3.12/site-packages/valkey/_parsers/base.py", line 128, in can_read
    return self._buffer and self._buffer.can_read(timeout)
                            ^^^^^^^^^^^^^^^^^^^^^^^^^^^^^^
  File "/ragflow/.venv/lib/python3.12/site-packages/valkey/_parsers/socket.py", line 95, in can_read
    return bool(self.unread_bytes()) or self._read_from_socket(
                                        ^^^^^^^^^^^^^^^^^^^^^^^
  File "/ragflow/.venv/lib/python3.12/site-packages/valkey/_parsers/socket.py", line 68, in _read_from_socket
    raise ConnectionError(SERVER_CLOSED_CONNECTION_ERROR)
valkey.exceptions.ConnectionError: Connection closed by server.

During handling of the above exception, another exception occurred:

Traceback (most recent call last):
  File "/ragflow/.venv/lib/python3.12/site-packages/valkey/connection.py", line 302, in connect
    sock = self.retry.call_with_retry(
           ^^^^^^^^^^^^^^^^^^^^^^^^^^^
  File "/ragflow/.venv/lib/python3.12/site-packages/valkey/retry.py", line 62, in call_with_retry
    return do()
           ^^^^
  File "/ragflow/.venv/lib/python3.12/site-packages/valkey/connection.py", line 303, in <lambda>
    lambda: self._connect(), lambda error: self.disconnect(error)
            ^^^^^^^^^^^^^^^
  File "/ragflow/.venv/lib/python3.12/site-packages/valkey/connection.py", line 728, in _connect
    raise err
  File "/ragflow/.venv/lib/python3.12/site-packages/valkey/connection.py", line 716, in _connect
    sock.connect(socket_address)
ConnectionRefusedError: [Errno 111] Connection refused

During handling of the above exception, another exception occurred:

Traceback (most recent call last):
  File "/ragflow/rag/utils/redis_conn.py", line 358, in queue_consumer
    group_info = self.REDIS.xinfo_groups(queue_name)
                 ^^^^^^^^^^^^^^^^^^^^^^^^^^^^^^^^^^^
  File "/ragflow/.venv/lib/python3.12/site-packages/valkey/commands/core.py", line 3810, in xinfo_groups
    return self.execute_command("XINFO GROUPS", name)
           ^^^^^^^^^^^^^^^^^^^^^^^^^^^^^^^^^^^^^^^^^^
  File "/ragflow/.venv/lib/python3.12/site-packages/valkey/client.py", line 564, in execute_command
    conn = self.connection or pool.get_connection(command_name, **options)
                              ^^^^^^^^^^^^^^^^^^^^^^^^^^^^^^^^^^^^^^^^^^^^
  File "/ragflow/.venv/lib/python3.12/site-packages/valkey/connection.py", line 1120, in get_connection
    connection.connect()
  File "/ragflow/.venv/lib/python3.12/site-packages/valkey/connection.py", line 308, in connect
    raise ConnectionError(self._error_message(e))
valkey.exceptions.ConnectionError: Error 111 connecting to redis:6379. Connection refused.
2026-01-18 03:30:30,868 ERROR    31 RedisDB.queue_consumer rag_flow_svr_queue_1 got exception: Error 111 connecting to redis:6379. Connection refused.
Traceback (most recent call last):
  File "/ragflow/rag/svr/task_executor.py", line 176, in collect
    redis_msg = next(UNACKED_ITERATOR)
                ^^^^^^^^^^^^^^^^^^^^^^
StopIteration

During handling of the above exception, another exception occurred:

Traceback (most recent call last):
  File "/ragflow/.venv/lib/python3.12/site-packages/valkey/connection.py", line 302, in connect
    sock = self.retry.call_with_retry(
           ^^^^^^^^^^^^^^^^^^^^^^^^^^^
  File "/ragflow/.venv/lib/python3.12/site-packages/valkey/retry.py", line 62, in call_with_retry
    return do()
           ^^^^
  File "/ragflow/.venv/lib/python3.12/site-packages/valkey/connection.py", line 303, in <lambda>
    lambda: self._connect(), lambda error: self.disconnect(error)
            ^^^^^^^^^^^^^^^
  File "/ragflow/.venv/lib/python3.12/site-packages/valkey/connection.py", line 728, in _connect
    raise err
  File "/ragflow/.venv/lib/python3.12/site-packages/valkey/connection.py", line 716, in _connect
    sock.connect(socket_address)
ConnectionRefusedError: [Errno 111] Connection refused

During handling of the above exception, another exception occurred:

Traceback (most recent call last):
  File "/ragflow/rag/utils/redis_conn.py", line 358, in queue_consumer
    group_info = self.REDIS.xinfo_groups(queue_name)
                 ^^^^^^^^^^^^^^^^^^^^^^^^^^^^^^^^^^^
  File "/ragflow/.venv/lib/python3.12/site-packages/valkey/commands/core.py", line 3810, in xinfo_groups
    return self.execute_command("XINFO GROUPS", name)
           ^^^^^^^^^^^^^^^^^^^^^^^^^^^^^^^^^^^^^^^^^^
  File "/ragflow/.venv/lib/python3.12/site-packages/valkey/client.py", line 564, in execute_command
    conn = self.connection or pool.get_connection(command_name, **options)
                              ^^^^^^^^^^^^^^^^^^^^^^^^^^^^^^^^^^^^^^^^^^^^
  File "/ragflow/.venv/lib/python3.12/site-packages/valkey/connection.py", line 1107, in get_connection
    connection.connect()
  File "/ragflow/.venv/lib/python3.12/site-packages/valkey/connection.py", line 308, in connect
    raise ConnectionError(self._error_message(e))
valkey.exceptions.ConnectionError: Error 111 connecting to redis:6379. Connection refused.
2026-01-18 03:30:30,871 ERROR    31 RedisDB.queue_consumer rag_flow_svr_queue_1 got exception: Error 111 connecting to redis:6379. Connection refused.
Traceback (most recent call last):
  File "/ragflow/rag/svr/task_executor.py", line 176, in collect
    redis_msg = next(UNACKED_ITERATOR)
                ^^^^^^^^^^^^^^^^^^^^^^
StopIteration

During handling of the above exception, another exception occurred:

Traceback (most recent call last):
  File "/ragflow/.venv/lib/python3.12/site-packages/valkey/connection.py", line 302, in connect
    sock = self.retry.call_with_retry(
           ^^^^^^^^^^^^^^^^^^^^^^^^^^^
  File "/ragflow/.venv/lib/python3.12/site-packages/valkey/retry.py", line 62, in call_with_retry
    return do()
           ^^^^
  File "/ragflow/.venv/lib/python3.12/site-packages/valkey/connection.py", line 303, in <lambda>
    lambda: self._connect(), lambda error: self.disconnect(error)
            ^^^^^^^^^^^^^^^
  File "/ragflow/.venv/lib/python3.12/site-packages/valkey/connection.py", line 728, in _connect
    raise err
  File "/ragflow/.venv/lib/python3.12/site-packages/valkey/connection.py", line 716, in _connect
    sock.connect(socket_address)
ConnectionRefusedError: [Errno 111] Connection refused

During handling of the above exception, another exception occurred:

Traceback (most recent call last):
  File "/ragflow/rag/utils/redis_conn.py", line 358, in queue_consumer
    group_info = self.REDIS.xinfo_groups(queue_name)
                 ^^^^^^^^^^^^^^^^^^^^^^^^^^^^^^^^^^^
  File "/ragflow/.venv/lib/python3.12/site-packages/valkey/commands/core.py", line 3810, in xinfo_groups
    return self.execute_command("XINFO GROUPS", name)
           ^^^^^^^^^^^^^^^^^^^^^^^^^^^^^^^^^^^^^^^^^^
  File "/ragflow/.venv/lib/python3.12/site-packages/valkey/client.py", line 564, in execute_command
    conn = self.connection or pool.get_connection(command_name, **options)
                              ^^^^^^^^^^^^^^^^^^^^^^^^^^^^^^^^^^^^^^^^^^^^
  File "/ragflow/.venv/lib/python3.12/site-packages/valkey/connection.py", line 1107, in get_connection
    connection.connect()
  File "/ragflow/.venv/lib/python3.12/site-packages/valkey/connection.py", line 308, in connect
    raise ConnectionError(self._error_message(e))
valkey.exceptions.ConnectionError: Error 111 connecting to redis:6379. Connection refused.
2026-01-18 03:30:30,874 ERROR    31 RedisDB.queue_consumer rag_flow_svr_queue got exception: Error 111 connecting to redis:6379. Connection refused.
Traceback (most recent call last):
  File "/ragflow/rag/svr/task_executor.py", line 176, in collect
    redis_msg = next(UNACKED_ITERATOR)
                ^^^^^^^^^^^^^^^^^^^^^^
StopIteration

During handling of the above exception, another exception occurred:

Traceback (most recent call last):
  File "/ragflow/.venv/lib/python3.12/site-packages/valkey/connection.py", line 302, in connect
    sock = self.retry.call_with_retry(
           ^^^^^^^^^^^^^^^^^^^^^^^^^^^
  File "/ragflow/.venv/lib/python3.12/site-packages/valkey/retry.py", line 62, in call_with_retry
    return do()
           ^^^^
  File "/ragflow/.venv/lib/python3.12/site-packages/valkey/connection.py", line 303, in <lambda>
    lambda: self._connect(), lambda error: self.disconnect(error)
            ^^^^^^^^^^^^^^^
  File "/ragflow/.venv/lib/python3.12/site-packages/valkey/connection.py", line 728, in _connect
    raise err
  File "/ragflow/.venv/lib/python3.12/site-packages/valkey/connection.py", line 716, in _connect
    sock.connect(socket_address)
ConnectionRefusedError: [Errno 111] Connection refused

During handling of the above exception, another exception occurred:

Traceback (most recent call last):
  File "/ragflow/rag/utils/redis_conn.py", line 358, in queue_consumer
    group_info = self.REDIS.xinfo_groups(queue_name)
                 ^^^^^^^^^^^^^^^^^^^^^^^^^^^^^^^^^^^
  File "/ragflow/.venv/lib/python3.12/site-packages/valkey/commands/core.py", line 3810, in xinfo_groups
    return self.execute_command("XINFO GROUPS", name)
           ^^^^^^^^^^^^^^^^^^^^^^^^^^^^^^^^^^^^^^^^^^
  File "/ragflow/.venv/lib/python3.12/site-packages/valkey/client.py", line 564, in execute_command
    conn = self.connection or pool.get_connection(command_name, **options)
                              ^^^^^^^^^^^^^^^^^^^^^^^^^^^^^^^^^^^^^^^^^^^^
  File "/ragflow/.venv/lib/python3.12/site-packages/valkey/connection.py", line 1107, in get_connection
    connection.connect()
  File "/ragflow/.venv/lib/python3.12/site-packages/valkey/connection.py", line 308, in connect
    raise ConnectionError(self._error_message(e))
valkey.exceptions.ConnectionError: Error 111 connecting to redis:6379. Connection refused.
2026-01-18 03:30:30,877 ERROR    31 RedisDB.queue_consumer rag_flow_svr_queue got exception: Error 111 connecting to redis:6379. Connection refused.
Traceback (most recent call last):
  File "/ragflow/rag/svr/task_executor.py", line 176, in collect
    redis_msg = next(UNACKED_ITERATOR)
                ^^^^^^^^^^^^^^^^^^^^^^
StopIteration

During handling of the above exception, another exception occurred:

Traceback (most recent call last):
  File "/ragflow/.venv/lib/python3.12/site-packages/valkey/connection.py", line 302, in connect
    sock = self.retry.call_with_retry(
           ^^^^^^^^^^^^^^^^^^^^^^^^^^^
  File "/ragflow/.venv/lib/python3.12/site-packages/valkey/retry.py", line 62, in call_with_retry
    return do()
           ^^^^
  File "/ragflow/.venv/lib/python3.12/site-packages/valkey/connection.py", line 303, in <lambda>
    lambda: self._connect(), lambda error: self.disconnect(error)
            ^^^^^^^^^^^^^^^
  File "/ragflow/.venv/lib/python3.12/site-packages/valkey/connection.py", line 728, in _connect
    raise err
  File "/ragflow/.venv/lib/python3.12/site-packages/valkey/connection.py", line 716, in _connect
    sock.connect(socket_address)
ConnectionRefusedError: [Errno 111] Connection refused

During handling of the above exception, another exception occurred:

Traceback (most recent call last):
  File "/ragflow/rag/utils/redis_conn.py", line 358, in queue_consumer
    group_info = self.REDIS.xinfo_groups(queue_name)
                 ^^^^^^^^^^^^^^^^^^^^^^^^^^^^^^^^^^^
  File "/ragflow/.venv/lib/python3.12/site-packages/valkey/commands/core.py", line 3810, in xinfo_groups
    return self.execute_command("XINFO GROUPS", name)
           ^^^^^^^^^^^^^^^^^^^^^^^^^^^^^^^^^^^^^^^^^^
  File "/ragflow/.venv/lib/python3.12/site-packages/valkey/client.py", line 564, in execute_command
    conn = self.connection or pool.get_connection(command_name, **options)
                              ^^^^^^^^^^^^^^^^^^^^^^^^^^^^^^^^^^^^^^^^^^^^
  File "/ragflow/.venv/lib/python3.12/site-packages/valkey/connection.py", line 1107, in get_connection
    connection.connect()
  File "/ragflow/.venv/lib/python3.12/site-packages/valkey/connection.py", line 308, in connect
    raise ConnectionError(self._error_message(e))
valkey.exceptions.ConnectionError: Error 111 connecting to redis:6379. Connection refused.
2026-01-18 03:30:30,881 ERROR    31 RedisDB.queue_consumer rag_flow_svr_queue got exception: Error 111 connecting to redis:6379. Connection refused.
Traceback (most recent call last):
  File "/ragflow/rag/svr/task_executor.py", line 176, in collect
    redis_msg = next(UNACKED_ITERATOR)
                ^^^^^^^^^^^^^^^^^^^^^^
StopIteration

During handling of the above exception, another exception occurred:

Traceback (most recent call last):
  File "/ragflow/.venv/lib/python3.12/site-packages/valkey/connection.py", line 302, in connect
    sock = self.retry.call_with_retry(
           ^^^^^^^^^^^^^^^^^^^^^^^^^^^
  File "/ragflow/.venv/lib/python3.12/site-packages/valkey/retry.py", line 62, in call_with_retry
    return do()
           ^^^^
  File "/ragflow/.venv/lib/python3.12/site-packages/valkey/connection.py", line 303, in <lambda>
    lambda: self._connect(), lambda error: self.disconnect(error)
            ^^^^^^^^^^^^^^^
  File "/ragflow/.venv/lib/python3.12/site-packages/valkey/connection.py", line 728, in _connect
    raise err
  File "/ragflow/.venv/lib/python3.12/site-packages/valkey/connection.py", line 716, in _connect
    sock.connect(socket_address)
ConnectionRefusedError: [Errno 111] Connection refused

During handling of the above exception, another exception occurred:

Traceback (most recent call last):
  File "/ragflow/rag/utils/redis_conn.py", line 358, in queue_consumer
    group_info = self.REDIS.xinfo_groups(queue_name)
                 ^^^^^^^^^^^^^^^^^^^^^^^^^^^^^^^^^^^
  File "/ragflow/.venv/lib/python3.12/site-packages/valkey/commands/core.py", line 3810, in xinfo_groups
    return self.execute_command("XINFO GROUPS", name)
           ^^^^^^^^^^^^^^^^^^^^^^^^^^^^^^^^^^^^^^^^^^
  File "/ragflow/.venv/lib/python3.12/site-packages/valkey/client.py", line 564, in execute_command
    conn = self.connection or pool.get_connection(command_name, **options)
                              ^^^^^^^^^^^^^^^^^^^^^^^^^^^^^^^^^^^^^^^^^^^^
  File "/ragflow/.venv/lib/python3.12/site-packages/valkey/connection.py", line 1107, in get_connection
    connection.connect()
  File "/ragflow/.venv/lib/python3.12/site-packages/valkey/connection.py", line 308, in connect
    raise ConnectionError(self._error_message(e))
valkey.exceptions.ConnectionError: Error 111 connecting to redis:6379. Connection refused.
